#
# There is insufficient memory for the Java Runtime Environment to continue.
# Native memory allocation (mmap) failed to map 140509184 bytes for committing reserved memory.
# Possible reasons:
#   The system is out of physical RAM or swap space
#   In 32 bit mode, the process size limit was hit
# Possible solutions:
#   Reduce memory load on the system
#   Increase physical memory or swap space
#   Check if swap backing store is full
#   Use 64 bit Java on a 64 bit OS
#   Decrease Java heap size (-Xmx/-Xms)
#   Decrease number of Java threads
#   Decrease Java thread stack sizes (-Xss)
#   Set larger code cache with -XX:ReservedCodeCacheSize=
# This output file may be truncated or incomplete.
#
#  Out of Memory Error (os_linux.cpp:2627), pid=7693, tid=139645424756480
#
# JRE version: Java(TM) SE Runtime Environment (8.0_65-b17) (build 1.8.0_65-b17)
# Java VM: Java HotSpot(TM) 64-Bit Server VM (25.65-b01 mixed mode linux-amd64 compressed oops)
# Failed to write core dump. Core dumps have been disabled. To enable core dumping, try "ulimit -c unlimited" before starting Java again
#

---------------  T H R E A D  ---------------

Current thread (0x00007f01d4078000):  VMThread [stack: 0x00007f01bbdfe000,0x00007f01bbeff000] [id=7732]

Stack: [0x00007f01bbdfe000,0x00007f01bbeff000],  sp=0x00007f01bbefd260,  free space=1020k
Native frames: (J=compiled Java code, j=interpreted, Vv=VM code, C=native code)
V  [libjvm.so+0xab97ea]  VMError::report_and_die()+0x2ba
V  [libjvm.so+0x4f9dcb]  report_vm_out_of_memory(char const*, int, unsigned long, VMErrorType, char const*)+0x8b
V  [libjvm.so+0x91a7c3]  os::Linux::commit_memory_impl(char*, unsigned long, bool)+0x103
V  [libjvm.so+0x91ad19]  os::pd_commit_memory(char*, unsigned long, unsigned long, bool)+0x29
V  [libjvm.so+0x91502a]  os::commit_memory(char*, unsigned long, unsigned long, bool)+0x2a
V  [libjvm.so+0x9886d3]  PSVirtualSpace::expand_by(unsigned long)+0x53
V  [libjvm.so+0x989ad8]  PSYoungGen::resize_generation(unsigned long, unsigned long)+0xf8
V  [libjvm.so+0x988c32]  PSYoungGen::resize(unsigned long, unsigned long)+0x22
V  [libjvm.so+0x985f0b]  PSScavenge::invoke_no_policy()+0xf3b
V  [libjvm.so+0x986691]  PSScavenge::invoke()+0x41
V  [libjvm.so+0x93e430]  ParallelScavengeHeap::failed_mem_allocate(unsigned long)+0x70
V  [libjvm.so+0xabb207]  VM_ParallelGCFailedAllocation::doit()+0x97
V  [libjvm.so+0xac2c35]  VM_Operation::evaluate()+0x55
V  [libjvm.so+0xac100a]  VMThread::evaluate_operation(VM_Operation*)+0xba
V  [libjvm.so+0xac138e]  VMThread::loop()+0x1ce
V  [libjvm.so+0xac1800]  VMThread::run()+0x70
V  [libjvm.so+0x91cb88]  java_start(Thread*)+0x108

VM_Operation (0x00007f01badf5c20): ParallelGCFailedAllocation, mode: safepoint, requested by thread 0x00007f01d4157800


---------------  P R O C E S S  ---------------

Java Threads: ( => current thread )
  0x00007f01d4157800 JavaThread "pool-1-thread-4" [_thread_blocked, id=7781, stack(0x00007f01bacf7000,0x00007f01badf8000)]
  0x00007f01d4156000 JavaThread "pool-1-thread-3" [_thread_blocked, id=7780, stack(0x00007f01badf8000,0x00007f01baef9000)]
  0x00007f01d4155000 JavaThread "pool-1-thread-2" [_thread_blocked, id=7779, stack(0x00007f01baef9000,0x00007f01baffa000)]
  0x00007f01d4151000 JavaThread "pool-2-thread-1" [_thread_blocked, id=7777, stack(0x00007f01baffa000,0x00007f01bb0fb000)]
  0x00007f01d414f000 JavaThread "pool-1-thread-1" [_thread_blocked, id=7776, stack(0x00007f01bb0fb000,0x00007f01bb1fc000)]
  0x00007f01d40c2000 JavaThread "Service Thread" daemon [_thread_blocked, id=7758, stack(0x00007f01bb2fd000,0x00007f01bb3fe000)]
  0x00007f01d40bd000 JavaThread "C1 CompilerThread2" daemon [_thread_blocked, id=7757, stack(0x00007f01bb3fe000,0x00007f01bb4ff000)]
  0x00007f01d40bb800 JavaThread "C2 CompilerThread1" daemon [_thread_blocked, id=7754, stack(0x00007f01bb4ff000,0x00007f01bb600000)]
  0x00007f01d40b8800 JavaThread "C2 CompilerThread0" daemon [_thread_blocked, id=7752, stack(0x00007f01bb600000,0x00007f01bb701000)]
  0x00007f01d40b7000 JavaThread "Signal Dispatcher" daemon [_thread_blocked, id=7751, stack(0x00007f01bb701000,0x00007f01bb802000)]
  0x00007f01d407f000 JavaThread "Finalizer" daemon [_thread_blocked, id=7737, stack(0x00007f01bbbfc000,0x00007f01bbcfd000)]
  0x00007f01d407d000 JavaThread "Reference Handler" daemon [_thread_blocked, id=7735, stack(0x00007f01bbcfd000,0x00007f01bbdfe000)]
  0x00007f01d400a000 JavaThread "main" [_thread_blocked, id=7699, stack(0x00007f01da571000,0x00007f01da672000)]

Other Threads:
=>0x00007f01d4078000 VMThread [stack: 0x00007f01bbdfe000,0x00007f01bbeff000] [id=7732]
  0x00007f01d40c5000 WatcherThread [stack: 0x00007f01bb1fc000,0x00007f01bb2fd000] [id=7759]

VM state:at safepoint (normal execution)

VM Mutex/Monitor currently owned by a thread:  ([mutex/lock_event])
[0x00007f01d40064f0] Threads_lock - owner thread: 0x00007f01d4078000
[0x00007f01d40069f0] Heap_lock - owner thread: 0x00007f01d4157800

Heap:
 PSYoungGen      total 136704K, used 16359K [0x00000000eab00000, 0x00000000f4300000, 0x0000000100000000)
  eden space 120320K, 0% used [0x00000000eab00000,0x00000000eab00000,0x00000000f2080000)
  from space 16384K, 99% used [0x00000000f2080000,0x00000000f3079db8,0x00000000f3080000)
  to   space 13824K, 0% used [0x00000000f3080000,0x00000000f3080000,0x00000000f3e00000)
 ParOldGen       total 40960K, used 33774K [0x00000000c0000000, 0x00000000c2800000, 0x00000000eab00000)
  object space 40960K, 82% used [0x00000000c0000000,0x00000000c20fbb60,0x00000000c2800000)
 Metaspace       used 6309K, capacity 7192K, committed 7424K, reserved 1056768K
  class space    used 614K, capacity 656K, committed 768K, reserved 1048576K

Card table byte_map: [0x00007f01c3fe9000,0x00007f01c41ea000] byte_map_base: 0x00007f01c39e9000

Marking Bits: (ParMarkBitMap*) 0x00007f01d9a4ede0
 Begin Bits: [0x00007f01c1be5000, 0x00007f01c2be5000)
 End Bits:   [0x00007f01c2be5000, 0x00007f01c3be5000)

Polling page: 0x00007f01da696000

CodeCache: size=245760Kb used=6786Kb max_used=6786Kb free=238973Kb
 bounds [0x00007f01c45aa000, 0x00007f01c4c5a000, 0x00007f01d35aa000]
 total_blobs=2062 nmethods=1793 adapters=182
 compilation: enabled

Compilation events (10 events):
Event: 8.202 Thread 0x00007f01d40bd000 nmethod 2187% 0x00007f01c4c49110 code [0x00007f01c4c495a0, 0x00007f01c4c4c618]
Event: 8.202 Thread 0x00007f01d40bd000 2181       2       sun.util.calendar.ZoneInfo::getTransitionIndex (156 bytes)
Event: 8.202 Thread 0x00007f01d40bd000 nmethod 2181 0x00007f01c4c4e4d0 code [0x00007f01c4c4e660, 0x00007f01c4c4e990]
Event: 8.202 Thread 0x00007f01d40bd000 2189       2       com.android.dx.rop.cst.CstLiteral64::equals (36 bytes)
Event: 8.202 Thread 0x00007f01d40bd000 nmethod 2189 0x00007f01c4c4ed10 code [0x00007f01c4c4ee80, 0x00007f01c4c4f050]
Event: 8.202 Thread 0x00007f01d40bd000 2174       2       com.android.dx.cf.attrib.InnerClassList::get (9 bytes)
Event: 8.203 Thread 0x00007f01d40bd000 nmethod 2174 0x00007f01c4c4f150 code [0x00007f01c4c4f2c0, 0x00007f01c4c4f468]
Event: 8.203 Thread 0x00007f01d40bd000 2169       2       java.util.concurrent.ThreadPoolExecutor$Worker::unlock (7 bytes)
Event: 8.203 Thread 0x00007f01d40bd000 nmethod 2169 0x00007f01c4c4f510 code [0x00007f01c4c4f680, 0x00007f01c4c4f828]
Event: 8.203 Thread 0x00007f01d40bd000 2170       2       java.util.concurrent.ThreadPoolExecutor$Worker::tryRelease (12 bytes)

GC Heap History (10 events):
Event: 1.917 GC heap after
Heap after GC invocations=2 (full 0):
 PSYoungGen      total 33280K, used 2557K [0x00000000eab00000, 0x00000000ece00000, 0x0000000100000000)
  eden space 30720K, 0% used [0x00000000eab00000,0x00000000eab00000,0x00000000ec900000)
  from space 2560K, 99% used [0x00000000ecb80000,0x00000000ecdff5b8,0x00000000ece00000)
  to   space 2560K, 0% used [0x00000000ec900000,0x00000000ec900000,0x00000000ecb80000)
 ParOldGen       total 40960K, used 2134K [0x00000000c0000000, 0x00000000c2800000, 0x00000000eab00000)
  object space 40960K, 5% used [0x00000000c0000000,0x00000000c0215958,0x00000000c2800000)
 Metaspace       used 5722K, capacity 6704K, committed 6784K, reserved 1056768K
  class space    used 590K, capacity 616K, committed 640K, reserved 1048576K
}
Event: 3.244 GC heap before
{Heap before GC invocations=3 (full 0):
 PSYoungGen      total 33280K, used 33277K [0x00000000eab00000, 0x00000000ece00000, 0x0000000100000000)
  eden space 30720K, 100% used [0x00000000eab00000,0x00000000ec900000,0x00000000ec900000)
  from space 2560K, 99% used [0x00000000ecb80000,0x00000000ecdff5b8,0x00000000ece00000)
  to   space 2560K, 0% used [0x00000000ec900000,0x00000000ec900000,0x00000000ecb80000)
 ParOldGen       total 40960K, used 2134K [0x00000000c0000000, 0x00000000c2800000, 0x00000000eab00000)
  object space 40960K, 5% used [0x00000000c0000000,0x00000000c0215958,0x00000000c2800000)
 Metaspace       used 5838K, capacity 6832K, committed 7040K, reserved 1056768K
  class space    used 592K, capacity 616K, committed 640K, reserved 1048576K
Event: 3.274 GC heap after
Heap after GC invocations=3 (full 0):
 PSYoungGen      total 33280K, used 2529K [0x00000000eab00000, 0x00000000eec00000, 0x0000000100000000)
  eden space 30720K, 0% used [0x00000000eab00000,0x00000000eab00000,0x00000000ec900000)
  from space 2560K, 98% used [0x00000000ec900000,0x00000000ecb785e0,0x00000000ecb80000)
  to   space 2560K, 0% used [0x00000000ee980000,0x00000000ee980000,0x00000000eec00000)
 ParOldGen       total 40960K, used 6946K [0x00000000c0000000, 0x00000000c2800000, 0x00000000eab00000)
  object space 40960K, 16% used [0x00000000c0000000,0x00000000c06c8958,0x00000000c2800000)
 Metaspace       used 5838K, capacity 6832K, committed 7040K, reserved 1056768K
  class space    used 592K, capacity 616K, committed 640K, reserved 1048576K
}
Event: 4.369 GC heap before
{Heap before GC invocations=4 (full 0):
 PSYoungGen      total 33280K, used 33249K [0x00000000eab00000, 0x00000000eec00000, 0x0000000100000000)
  eden space 30720K, 100% used [0x00000000eab00000,0x00000000ec900000,0x00000000ec900000)
  from space 2560K, 98% used [0x00000000ec900000,0x00000000ecb785e0,0x00000000ecb80000)
  to   space 2560K, 0% used [0x00000000ee980000,0x00000000ee980000,0x00000000eec00000)
 ParOldGen       total 40960K, used 6946K [0x00000000c0000000, 0x00000000c2800000, 0x00000000eab00000)
  object space 40960K, 16% used [0x00000000c0000000,0x00000000c06c8958,0x00000000c2800000)
 Metaspace       used 5957K, capacity 6896K, committed 7040K, reserved 1056768K
  class space    used 592K, capacity 616K, committed 640K, reserved 1048576K
Event: 4.416 GC heap after
Heap after GC invocations=4 (full 0):
 PSYoungGen      total 64000K, used 2540K [0x00000000eab00000, 0x00000000eec00000, 0x0000000100000000)
  eden space 61440K, 0% used [0x00000000eab00000,0x00000000eab00000,0x00000000ee700000)
  from space 2560K, 99% used [0x00000000ee980000,0x00000000eebfb338,0x00000000eec00000)
  to   space 2560K, 0% used [0x00000000ee700000,0x00000000ee700000,0x00000000ee980000)
 ParOldGen       total 40960K, used 10500K [0x00000000c0000000, 0x00000000c2800000, 0x00000000eab00000)
  object space 40960K, 25% used [0x00000000c0000000,0x00000000c0a41228,0x00000000c2800000)
 Metaspace       used 5957K, capacity 6896K, committed 7040K, reserved 1056768K
  class space    used 592K, capacity 616K, committed 640K, reserved 1048576K
}
Event: 5.479 GC heap before
{Heap before GC invocations=5 (full 0):
 PSYoungGen      total 64000K, used 63980K [0x00000000eab00000, 0x00000000eec00000, 0x0000000100000000)
  eden space 61440K, 100% used [0x00000000eab00000,0x00000000ee700000,0x00000000ee700000)
  from space 2560K, 99% used [0x00000000ee980000,0x00000000eebfb338,0x00000000eec00000)
  to   space 2560K, 0% used [0x00000000ee700000,0x00000000ee700000,0x00000000ee980000)
 ParOldGen       total 40960K, used 10500K [0x00000000c0000000, 0x00000000c2800000, 0x00000000eab00000)
  object space 40960K, 25% used [0x00000000c0000000,0x00000000c0a41228,0x00000000c2800000)
 Metaspace       used 5991K, capacity 6960K, committed 7040K, reserved 1056768K
  class space    used 593K, capacity 616K, committed 640K, reserved 1048576K
Event: 5.639 GC heap after
Heap after GC invocations=5 (full 0):
 PSYoungGen      total 64000K, used 2528K [0x00000000eab00000, 0x00000000f3e00000, 0x0000000100000000)
  eden space 61440K, 0% used [0x00000000eab00000,0x00000000eab00000,0x00000000ee700000)
  from space 2560K, 98% used [0x00000000ee700000,0x00000000ee978078,0x00000000ee980000)
  to   space 13824K, 0% used [0x00000000f3080000,0x00000000f3080000,0x00000000f3e00000)
 ParOldGen       total 40960K, used 20548K [0x00000000c0000000, 0x00000000c2800000, 0x00000000eab00000)
  object space 40960K, 50% used [0x00000000c0000000,0x00000000c1411070,0x00000000c2800000)
 Metaspace       used 5991K, capacity 6960K, committed 7040K, reserved 1056768K
  class space    used 593K, capacity 616K, committed 640K, reserved 1048576K
}
Event: 6.566 GC heap before
{Heap before GC invocations=6 (full 0):
 PSYoungGen      total 64000K, used 63968K [0x00000000eab00000, 0x00000000f3e00000, 0x0000000100000000)
  eden space 61440K, 100% used [0x00000000eab00000,0x00000000ee700000,0x00000000ee700000)
  from space 2560K, 98% used [0x00000000ee700000,0x00000000ee978078,0x00000000ee980000)
  to   space 13824K, 0% used [0x00000000f3080000,0x00000000f3080000,0x00000000f3e00000)
 ParOldGen       total 40960K, used 20548K [0x00000000c0000000, 0x00000000c2800000, 0x00000000eab00000)
  object space 40960K, 50% used [0x00000000c0000000,0x00000000c1411070,0x00000000c2800000)
 Metaspace       used 6041K, capacity 7024K, committed 7296K, reserved 1056768K
  class space    used 594K, capacity 616K, committed 640K, reserved 1048576K
Event: 6.668 GC heap after
Heap after GC invocations=6 (full 0):
 PSYoungGen      total 134144K, used 12629K [0x00000000eab00000, 0x00000000f4300000, 0x0000000100000000)
  eden space 120320K, 0% used [0x00000000eab00000,0x00000000eab00000,0x00000000f2080000)
  from space 13824K, 91% used [0x00000000f3080000,0x00000000f3cd5510,0x00000000f3e00000)
  to   space 16384K, 0% used [0x00000000f2080000,0x00000000f2080000,0x00000000f3080000)
 ParOldGen       total 40960K, used 20548K [0x00000000c0000000, 0x00000000c2800000, 0x00000000eab00000)
  object space 40960K, 50% used [0x00000000c0000000,0x00000000c1411070,0x00000000c2800000)
 Metaspace       used 6041K, capacity 7024K, committed 7296K, reserved 1056768K
  class space    used 594K, capacity 616K, committed 640K, reserved 1048576K
}
Event: 8.211 GC heap before
{Heap before GC invocations=7 (full 0):
 PSYoungGen      total 134144K, used 132949K [0x00000000eab00000, 0x00000000f4300000, 0x0000000100000000)
  eden space 120320K, 100% used [0x00000000eab00000,0x00000000f2080000,0x00000000f2080000)
  from space 13824K, 91% used [0x00000000f3080000,0x00000000f3cd5510,0x00000000f3e00000)
  to   space 16384K, 0% used [0x00000000f2080000,0x00000000f2080000,0x00000000f3080000)
 ParOldGen       total 40960K, used 20548K [0x00000000c0000000, 0x00000000c2800000, 0x00000000eab00000)
  object space 40960K, 50% used [0x00000000c0000000,0x00000000c1411070,0x00000000c2800000)
 Metaspace       used 6309K, capacity 7192K, committed 7424K, reserved 1056768K
  class space    used 614K, capacity 656K, committed 768K, reserved 1048576K

Deoptimization events (10 events):
Event: 4.779 Thread 0x00007f01d4157800 Uncommon trap: reason=bimorphic action=maybe_recompile pc=0x00007f01c480825c method=java.util.HashMap.getNode(ILjava/lang/Object;)Ljava/util/HashMap$Node; @ 126
Event: 4.779 Thread 0x00007f01d4157800 Uncommon trap: reason=bimorphic action=maybe_recompile pc=0x00007f01c480825c method=java.util.HashMap.getNode(ILjava/lang/Object;)Ljava/util/HashMap$Node; @ 126
Event: 4.779 Thread 0x00007f01d4157800 Uncommon trap: reason=bimorphic action=maybe_recompile pc=0x00007f01c480825c method=java.util.HashMap.getNode(ILjava/lang/Object;)Ljava/util/HashMap$Node; @ 126
Event: 4.824 Thread 0x00007f01d4156000 Uncommon trap: reason=unstable_if action=reinterpret pc=0x00007f01c49325bc method=com.android.dx.ssa.SsaMethod.updateOneDefinition(Lcom/android/dx/ssa/SsaInsn;Lcom/android/dx/rop/code/RegisterSpec;)V @ 4
Event: 5.988 Thread 0x00007f01d4156000 Uncommon trap: reason=unstable_if action=reinterpret pc=0x00007f01c4a37824 method=com.android.dx.ssa.SCCP.simulateStmt(Lcom/android/dx/ssa/SsaInsn;)V @ 53
Event: 6.044 Thread 0x00007f01d4156000 Uncommon trap: reason=bimorphic action=maybe_recompile pc=0x00007f01c4a59a84 method=java.util.HashMap.putVal(ILjava/lang/Object;Ljava/lang/Object;ZZ)Ljava/lang/Object; @ 203
Event: 6.849 Thread 0x00007f01d4155000 Uncommon trap: reason=unstable_if action=reinterpret pc=0x00007f01c4b6b614 method=com.android.dx.rop.code.LocalItem.compareHandlesNulls(Lcom/android/dx/rop/cst/CstString;Lcom/android/dx/rop/cst/CstString;)I @ 14
Event: 7.525 Thread 0x00007f01d400a000 Uncommon trap: reason=unstable_if action=reinterpret pc=0x00007f01c48554a0 method=java.util.HashMap.putVal(ILjava/lang/Object;Ljava/lang/Object;ZZ)Ljava/lang/Object; @ 162
Event: 7.542 Thread 0x00007f01d400a000 Uncommon trap: reason=unstable_if action=reinterpret pc=0x00007f01c4a3fddc method=java.util.HashMap.getNode(ILjava/lang/Object;)Ljava/util/HashMap$Node; @ 84
Event: 7.899 Thread 0x00007f01d4155000 Uncommon trap: reason=unstable_if action=reinterpret pc=0x00007f01c4b00840 method=com.android.dx.ssa.MoveParamCombiner$1.visitNonMoveInsn(Lcom/android/dx/ssa/NormalSsaInsn;)V @ 27

Internal exceptions (7 events):
Event: 0.061 Thread 0x00007f01d400a000 Exception <a 'java/lang/NoSuchMethodError': Method sun.misc.Unsafe.defineClass(Ljava/lang/String;[BII)Ljava/lang/Class; name or signature does not match> (0x00000000eab12b98) thrown at [/HUDSON/workspace/8-2-build-linux-amd64/jdk8u65/4987/hotspot/src/shar
Event: 0.061 Thread 0x00007f01d400a000 Exception <a 'java/lang/NoSuchMethodError': Method sun.misc.Unsafe.prefetchRead(Ljava/lang/Object;J)V name or signature does not match> (0x00000000eab12e80) thrown at [/HUDSON/workspace/8-2-build-linux-amd64/jdk8u65/4987/hotspot/src/share/vm/prims/jni.cpp
Event: 3.579 Thread 0x00007f01d4157800 Implicit null exception at 0x00007f01c4877190 to 0x00007f01c48795a5
Event: 6.849 Thread 0x00007f01d4155000 Implicit null exception at 0x00007f01c4b6a371 to 0x00007f01c4b6b5e9
Event: 7.539 Thread 0x00007f01d400a000 Exception <a 'java/lang/ArrayIndexOutOfBoundsException': 18> (0x00000000eee7bdd8) thrown at [/HUDSON/workspace/8-2-build-linux-amd64/jdk8u65/4987/hotspot/src/share/vm/interpreter/interpreterRuntime.cpp, line 366]
Event: 7.540 Thread 0x00007f01d400a000 Exception <a 'java/lang/ArrayIndexOutOfBoundsException': 145> (0x00000000eee7d958) thrown at [/HUDSON/workspace/8-2-build-linux-amd64/jdk8u65/4987/hotspot/src/share/vm/interpreter/interpreterRuntime.cpp, line 366]
Event: 7.541 Thread 0x00007f01d400a000 Exception <a 'java/lang/ArrayIndexOutOfBoundsException': 40> (0x00000000eee7ec40) thrown at [/HUDSON/workspace/8-2-build-linux-amd64/jdk8u65/4987/hotspot/src/share/vm/interpreter/interpreterRuntime.cpp, line 366]

Events (10 events):
Event: 8.091 Thread 0x00007f01d4157800 DEOPT UNPACKING pc=0x00007f01c45f1633 sp=0x00007f01badf58f8 mode 0
Event: 8.092 Thread 0x00007f01d4157800 DEOPT PACKING pc=0x00007f01c4844f2d sp=0x00007f01badf5b70
Event: 8.092 Thread 0x00007f01d4157800 DEOPT UNPACKING pc=0x00007f01c45f1633 sp=0x00007f01badf58f8 mode 0
Event: 8.146 Thread 0x00007f01d414f000 DEOPT PACKING pc=0x00007f01c485b3e0 sp=0x00007f01bb1f9d80
Event: 8.146 Thread 0x00007f01d414f000 DEOPT UNPACKING pc=0x00007f01c45f1633 sp=0x00007f01bb1f9b80 mode 0
Event: 8.159 Thread 0x00007f01d4157800 DEOPT PACKING pc=0x00007f01c49437ec sp=0x00007f01badf5e90
Event: 8.159 Thread 0x00007f01d4157800 DEOPT UNPACKING pc=0x00007f01c45f1633 sp=0x00007f01badf5b90 mode 0
Event: 8.199 Thread 0x00007f01d4155000 DEOPT PACKING pc=0x00007f01c4844f2d sp=0x00007f01baff7c70
Event: 8.199 Thread 0x00007f01d4155000 DEOPT UNPACKING pc=0x00007f01c45f1633 sp=0x00007f01baff79f8 mode 0
Event: 8.204 Executing VM operation: ParallelGCFailedAllocation


Dynamic libraries:
00400000-00401000 r-xp 00000000 08:03 1709722                            /home/abel/jdk1.8.0_65/bin/java
00600000-00601000 rw-p 00000000 08:03 1709722                            /home/abel/jdk1.8.0_65/bin/java
018a4000-018c5000 rw-p 00000000 00:00 0                                  [heap]
c0000000-c2800000 rw-p 00000000 00:00 0 
c2800000-eab00000 ---p 00000000 00:00 0 
eab00000-f4300000 rw-p 00000000 00:00 0 
fc900000-100000000 ---p 00000000 00:00 0 
100000000-1000c0000 rw-p 00000000 00:00 0 
1000c0000-140000000 ---p 00000000 00:00 0 
7f0174000000-7f0174024000 rw-p 00000000 00:00 0 
7f0174024000-7f0178000000 ---p 00000000 00:00 0 
7f0178000000-7f0178031000 rw-p 00000000 00:00 0 
7f0178031000-7f017c000000 ---p 00000000 00:00 0 
7f017c000000-7f017c021000 rw-p 00000000 00:00 0 
7f017c021000-7f0180000000 ---p 00000000 00:00 0 
7f0180000000-7f0180048000 rw-p 00000000 00:00 0 
7f0180048000-7f0184000000 ---p 00000000 00:00 0 
7f0184000000-7f0184021000 rw-p 00000000 00:00 0 
7f0184021000-7f0188000000 ---p 00000000 00:00 0 
7f0188000000-7f018803b000 rw-p 00000000 00:00 0 
7f018803b000-7f018c000000 ---p 00000000 00:00 0 
7f018c000000-7f018ca8b000 rw-p 00000000 00:00 0 
7f018ca8b000-7f0190000000 ---p 00000000 00:00 0 
7f0190000000-7f0190021000 rw-p 00000000 00:00 0 
7f0190021000-7f0194000000 ---p 00000000 00:00 0 
7f0194000000-7f0194c56000 rw-p 00000000 00:00 0 
7f0194c56000-7f0198000000 ---p 00000000 00:00 0 
7f0198000000-7f0198740000 rw-p 00000000 00:00 0 
7f0198740000-7f019c000000 ---p 00000000 00:00 0 
7f019c000000-7f019c021000 rw-p 00000000 00:00 0 
7f019c021000-7f01a0000000 ---p 00000000 00:00 0 
7f01a0000000-7f01a0021000 rw-p 00000000 00:00 0 
7f01a0021000-7f01a4000000 ---p 00000000 00:00 0 
7f01a4000000-7f01a4294000 rw-p 00000000 00:00 0 
7f01a4294000-7f01a8000000 ---p 00000000 00:00 0 
7f01a8000000-7f01a8021000 rw-p 00000000 00:00 0 
7f01a8021000-7f01ac000000 ---p 00000000 00:00 0 
7f01ac000000-7f01ac021000 rw-p 00000000 00:00 0 
7f01ac021000-7f01b0000000 ---p 00000000 00:00 0 
7f01b0000000-7f01b0021000 rw-p 00000000 00:00 0 
7f01b0021000-7f01b4000000 ---p 00000000 00:00 0 
7f01b4000000-7f01b4021000 rw-p 00000000 00:00 0 
7f01b4021000-7f01b8000000 ---p 00000000 00:00 0 
7f01bacf7000-7f01bacfa000 ---p 00000000 00:00 0 
7f01bacfa000-7f01badf8000 rw-p 00000000 00:00 0                          [stack:7781]
7f01badf8000-7f01badfb000 ---p 00000000 00:00 0 
7f01badfb000-7f01baef9000 rw-p 00000000 00:00 0                          [stack:7780]
7f01baef9000-7f01baefc000 ---p 00000000 00:00 0 
7f01baefc000-7f01baffa000 rw-p 00000000 00:00 0                          [stack:7779]
7f01baffa000-7f01baffd000 ---p 00000000 00:00 0 
7f01baffd000-7f01bb0fb000 rw-p 00000000 00:00 0                          [stack:7777]
7f01bb0fb000-7f01bb0fe000 ---p 00000000 00:00 0 
7f01bb0fe000-7f01bb1fc000 rw-p 00000000 00:00 0                          [stack:7776]
7f01bb1fc000-7f01bb1fd000 ---p 00000000 00:00 0 
7f01bb1fd000-7f01bb2fd000 rw-p 00000000 00:00 0                          [stack:7759]
7f01bb2fd000-7f01bb300000 ---p 00000000 00:00 0 
7f01bb300000-7f01bb3fe000 rw-p 00000000 00:00 0                          [stack:7758]
7f01bb3fe000-7f01bb401000 ---p 00000000 00:00 0 
7f01bb401000-7f01bb4ff000 rw-p 00000000 00:00 0                          [stack:7757]
7f01bb4ff000-7f01bb502000 ---p 00000000 00:00 0 
7f01bb502000-7f01bb600000 rw-p 00000000 00:00 0                          [stack:7754]
7f01bb600000-7f01bb603000 ---p 00000000 00:00 0 
7f01bb603000-7f01bb701000 rw-p 00000000 00:00 0                          [stack:7752]
7f01bb701000-7f01bb704000 ---p 00000000 00:00 0 
7f01bb704000-7f01bb802000 rw-p 00000000 00:00 0                          [stack:7751]
7f01bb802000-7f01bbbfc000 r--p 00000000 08:03 2502952                    /usr/lib/locale/locale-archive
7f01bbbfc000-7f01bbbff000 ---p 00000000 00:00 0 
7f01bbbff000-7f01bbcfd000 rw-p 00000000 00:00 0                          [stack:7737]
7f01bbcfd000-7f01bbd00000 ---p 00000000 00:00 0 
7f01bbd00000-7f01bbdfe000 rw-p 00000000 00:00 0                          [stack:7735]
7f01bbdfe000-7f01bbdff000 ---p 00000000 00:00 0 
7f01bbdff000-7f01bc000000 rw-p 00000000 00:00 0                          [stack:7732]
7f01bc000000-7f01bc021000 rw-p 00000000 00:00 0 
7f01bc021000-7f01c0000000 ---p 00000000 00:00 0 
7f01c00bf000-7f01c00d5000 r--s 000f1000 08:03 568076                     /home/abel/Escritorio/Radika/Samples/AndroidSamples/GlideRatioGauge/app/build/intermediates/exploded-aar/com.android.support/support-v4/23.4.0/jars/classes.jar
7f01c00d5000-7f01c00e4000 r--s 000df000 08:03 1594568                    /home/abel/Android/Sdk/build-tools/23.0.3/lib/dx.jar
7f01c00e4000-7f01c0f97000 rw-p 00000000 00:00 0 
7f01c0f97000-7f01c116f000 r--s 03d20000 08:03 1709629                    /home/abel/jdk1.8.0_65/jre/lib/rt.jar
7f01c116f000-7f01c1865000 rw-p 00000000 00:00 0 
7f01c1865000-7f01c19e5000 ---p 00000000 00:00 0 
7f01c19e5000-7f01c3be5000 rw-p 00000000 00:00 0 
7f01c3be5000-7f01c3be6000 ---p 00000000 00:00 0 
7f01c3be6000-7f01c3ce6000 rw-p 00000000 00:00 0                          [stack:7721]
7f01c3ce6000-7f01c3ce7000 ---p 00000000 00:00 0 
7f01c3ce7000-7f01c3de7000 rw-p 00000000 00:00 0                          [stack:7720]
7f01c3de7000-7f01c3de8000 ---p 00000000 00:00 0 
7f01c3de8000-7f01c3ee8000 rw-p 00000000 00:00 0                          [stack:7717]
7f01c3ee8000-7f01c3ee9000 ---p 00000000 00:00 0 
7f01c3ee9000-7f01c3ffd000 rw-p 00000000 00:00 0                          [stack:7712]
7f01c3ffd000-7f01c413e000 ---p 00000000 00:00 0 
7f01c413e000-7f01c418b000 rw-p 00000000 00:00 0 
7f01c418b000-7f01c41e9000 ---p 00000000 00:00 0 
7f01c41e9000-7f01c4205000 rw-p 00000000 00:00 0 
7f01c4205000-7f01c45aa000 ---p 00000000 00:00 0 
7f01c45aa000-7f01c4c5a000 rwxp 00000000 00:00 0 
7f01c4c5a000-7f01d35aa000 ---p 00000000 00:00 0 
7f01d35aa000-7f01d35c4000 r-xp 00000000 08:03 1709579                    /home/abel/jdk1.8.0_65/jre/lib/amd64/libzip.so
7f01d35c4000-7f01d37c4000 ---p 0001a000 08:03 1709579                    /home/abel/jdk1.8.0_65/jre/lib/amd64/libzip.so
7f01d37c4000-7f01d37c5000 rw-p 0001a000 08:03 1709579                    /home/abel/jdk1.8.0_65/jre/lib/amd64/libzip.so
7f01d37c5000-7f01d37cf000 r-xp 00000000 08:03 538042                     /lib/x86_64-linux-gnu/libnss_files-2.19.so
7f01d37cf000-7f01d39ce000 ---p 0000a000 08:03 538042                     /lib/x86_64-linux-gnu/libnss_files-2.19.so
7f01d39ce000-7f01d39cf000 r--p 00009000 08:03 538042                     /lib/x86_64-linux-gnu/libnss_files-2.19.so
7f01d39cf000-7f01d39d0000 rw-p 0000a000 08:03 538042                     /lib/x86_64-linux-gnu/libnss_files-2.19.so
7f01d39d0000-7f01d39db000 r-xp 00000000 08:03 538034                     /lib/x86_64-linux-gnu/libnss_nis-2.19.so
7f01d39db000-7f01d3bda000 ---p 0000b000 08:03 538034                     /lib/x86_64-linux-gnu/libnss_nis-2.19.so
7f01d3bda000-7f01d3bdb000 r--p 0000a000 08:03 538034                     /lib/x86_64-linux-gnu/libnss_nis-2.19.so
7f01d3bdb000-7f01d3bdc000 rw-p 0000b000 08:03 538034                     /lib/x86_64-linux-gnu/libnss_nis-2.19.so
7f01d3bdc000-7f01d3bf3000 r-xp 00000000 08:03 535244                     /lib/x86_64-linux-gnu/libnsl-2.19.so
7f01d3bf3000-7f01d3df2000 ---p 00017000 08:03 535244                     /lib/x86_64-linux-gnu/libnsl-2.19.so
7f01d3df2000-7f01d3df3000 r--p 00016000 08:03 535244                     /lib/x86_64-linux-gnu/libnsl-2.19.so
7f01d3df3000-7f01d3df4000 rw-p 00017000 08:03 535244                     /lib/x86_64-linux-gnu/libnsl-2.19.so
7f01d3df4000-7f01d3df6000 rw-p 00000000 00:00 0 
7f01d3df6000-7f01d3dff000 r-xp 00000000 08:03 535195                     /lib/x86_64-linux-gnu/libnss_compat-2.19.so
7f01d3dff000-7f01d3ffe000 ---p 00009000 08:03 535195                     /lib/x86_64-linux-gnu/libnss_compat-2.19.so
7f01d3ffe000-7f01d3fff000 r--p 00008000 08:03 535195                     /lib/x86_64-linux-gnu/libnss_compat-2.19.so
7f01d3fff000-7f01d4000000 rw-p 00009000 08:03 535195                     /lib/x86_64-linux-gnu/libnss_compat-2.19.so
7f01d4000000-7f01d43a3000 rw-p 00000000 00:00 0 
7f01d43a3000-7f01d8000000 ---p 00000000 00:00 0 
7f01d8001000-7f01d8015000 rw-p 00000000 00:00 0 
7f01d8015000-7f01d8157000 ---p 00000000 00:00 0 
7f01d8157000-7f01d8181000 r-xp 00000000 08:03 1709557                    /home/abel/jdk1.8.0_65/jre/lib/amd64/libjava.so
7f01d8181000-7f01d8381000 ---p 0002a000 08:03 1709557                    /home/abel/jdk1.8.0_65/jre/lib/amd64/libjava.so
7f01d8381000-7f01d8383000 rw-p 0002a000 08:03 1709557                    /home/abel/jdk1.8.0_65/jre/lib/amd64/libjava.so
7f01d8383000-7f01d8390000 r-xp 00000000 08:03 1709573                    /home/abel/jdk1.8.0_65/jre/lib/amd64/libverify.so
7f01d8390000-7f01d8590000 ---p 0000d000 08:03 1709573                    /home/abel/jdk1.8.0_65/jre/lib/amd64/libverify.so
7f01d8590000-7f01d8592000 rw-p 0000d000 08:03 1709573                    /home/abel/jdk1.8.0_65/jre/lib/amd64/libverify.so
7f01d8592000-7f01d8599000 r-xp 00000000 08:03 538038                     /lib/x86_64-linux-gnu/librt-2.19.so
7f01d8599000-7f01d8798000 ---p 00007000 08:03 538038                     /lib/x86_64-linux-gnu/librt-2.19.so
7f01d8798000-7f01d8799000 r--p 00006000 08:03 538038                     /lib/x86_64-linux-gnu/librt-2.19.so
7f01d8799000-7f01d879a000 rw-p 00007000 08:03 538038                     /lib/x86_64-linux-gnu/librt-2.19.so
7f01d879a000-7f01d889f000 r-xp 00000000 08:03 535079                     /lib/x86_64-linux-gnu/libm-2.19.so
7f01d889f000-7f01d8a9e000 ---p 00105000 08:03 535079                     /lib/x86_64-linux-gnu/libm-2.19.so
7f01d8a9e000-7f01d8a9f000 r--p 00104000 08:03 535079                     /lib/x86_64-linux-gnu/libm-2.19.so
7f01d8a9f000-7f01d8aa0000 rw-p 00105000 08:03 535079                     /lib/x86_64-linux-gnu/libm-2.19.so
7f01d8aa0000-7f01d975e000 r-xp 00000000 08:03 1709595                    /home/abel/jdk1.8.0_65/jre/lib/amd64/server/libjvm.so
7f01d975e000-7f01d995d000 ---p 00cbe000 08:03 1709595                    /home/abel/jdk1.8.0_65/jre/lib/amd64/server/libjvm.so
7f01d995d000-7f01d9a35000 rw-p 00cbd000 08:03 1709595                    /home/abel/jdk1.8.0_65/jre/lib/amd64/server/libjvm.so
7f01d9a35000-7f01d9a7a000 rw-p 00000000 00:00 0 
7f01d9a7a000-7f01d9c34000 r-xp 00000000 08:03 538039                     /lib/x86_64-linux-gnu/libc-2.19.so
7f01d9c34000-7f01d9e34000 ---p 001ba000 08:03 538039                     /lib/x86_64-linux-gnu/libc-2.19.so
7f01d9e34000-7f01d9e38000 r--p 001ba000 08:03 538039                     /lib/x86_64-linux-gnu/libc-2.19.so
7f01d9e38000-7f01d9e3a000 rw-p 001be000 08:03 538039                     /lib/x86_64-linux-gnu/libc-2.19.so
7f01d9e3a000-7f01d9e3f000 rw-p 00000000 00:00 0 
7f01d9e3f000-7f01d9e42000 r-xp 00000000 08:03 535192                     /lib/x86_64-linux-gnu/libdl-2.19.so
7f01d9e42000-7f01da041000 ---p 00003000 08:03 535192                     /lib/x86_64-linux-gnu/libdl-2.19.so
7f01da041000-7f01da042000 r--p 00002000 08:03 535192                     /lib/x86_64-linux-gnu/libdl-2.19.so
7f01da042000-7f01da043000 rw-p 00003000 08:03 535192                     /lib/x86_64-linux-gnu/libdl-2.19.so
7f01da043000-7f01da058000 r-xp 00000000 08:03 539757                     /home/abel/jdk1.8.0_65/lib/amd64/jli/libjli.so
7f01da058000-7f01da258000 ---p 00015000 08:03 539757                     /home/abel/jdk1.8.0_65/lib/amd64/jli/libjli.so
7f01da258000-7f01da259000 rw-p 00015000 08:03 539757                     /home/abel/jdk1.8.0_65/lib/amd64/jli/libjli.so
7f01da259000-7f01da272000 r-xp 00000000 08:03 538029                     /lib/x86_64-linux-gnu/libpthread-2.19.so
7f01da272000-7f01da471000 ---p 00019000 08:03 538029                     /lib/x86_64-linux-gnu/libpthread-2.19.so
7f01da471000-7f01da472000 r--p 00018000 08:03 538029                     /lib/x86_64-linux-gnu/libpthread-2.19.so
7f01da472000-7f01da473000 rw-p 00019000 08:03 538029                     /lib/x86_64-linux-gnu/libpthread-2.19.so
7f01da473000-7f01da477000 rw-p 00000000 00:00 0 
7f01da477000-7f01da49a000 r-xp 00000000 08:03 538031                     /lib/x86_64-linux-gnu/ld-2.19.so
7f01da49f000-7f01da571000 rw-p 00000000 00:00 0 
7f01da571000-7f01da574000 ---p 00000000 00:00 0 
7f01da574000-7f01da676000 rw-p 00000000 00:00 0                          [stack:7699]
7f01da678000-7f01da68d000 rw-p 00000000 00:00 0 
7f01da68d000-7f01da695000 rw-s 00000000 08:03 1057448                    /tmp/hsperfdata_abel/7693
7f01da695000-7f01da696000 rw-p 00000000 00:00 0 
7f01da696000-7f01da697000 ---p 00000000 00:00 0 
7f01da697000-7f01da699000 rw-p 00000000 00:00 0 
7f01da699000-7f01da69a000 r--p 00022000 08:03 538031                     /lib/x86_64-linux-gnu/ld-2.19.so
7f01da69a000-7f01da69b000 rw-p 00023000 08:03 538031                     /lib/x86_64-linux-gnu/ld-2.19.so
7f01da69b000-7f01da69c000 rw-p 00000000 00:00 0 
7fff70f57000-7fff70f78000 rw-p 00000000 00:00 0                          [stack]
7fff70ffe000-7fff71000000 r-xp 00000000 00:00 0                          [vdso]
ffffffffff600000-ffffffffff601000 r-xp 00000000 00:00 0                  [vsyscall]

VM Arguments:
jvm_args: -Djava.awt.headless=true -Xmx1024M -Dfile.encoding=UTF-8 -Duser.country=MX -Duser.language=es -Duser.variant 
java_command: com.android.dx.command.Main --dex --num-threads=4 --output /home/abel/Escritorio/Radika/Samples/AndroidSamples/GlideRatioGauge/app/build/intermediates/pre-dexed/debug/com.android.support-support-v4-23.4.0_e5aad5091de1531e6d3287bd38b97754ae22a32a.jar /home/abel/Escritorio/Radika/Samples/AndroidSamples/GlideRatioGauge/app/build/intermediates/exploded-aar/com.android.support/support-v4/23.4.0/jars/classes.jar
java_class_path (initial): /home/abel/Android/Sdk/build-tools/23.0.3/lib/dx.jar
Launcher Type: SUN_STANDARD

Environment Variables:
PATH=/usr/local/sbin:/usr/local/bin:/usr/sbin:/usr/bin:/sbin:/bin:/usr/games:/usr/local/games:/home/abel/jdk1.8.0_65/jre/bin:/home/abel/jdk1.8.0_65/bin
USERNAME=abel
LD_LIBRARY_PATH=.:
SHELL=/bin/bash
DISPLAY=:0.0

Signal Handlers:
SIGSEGV: [libjvm.so+0xaba070], sa_mask[0]=11111111011111111101111111111110, sa_flags=SA_RESTART|SA_SIGINFO
SIGBUS: [libjvm.so+0xaba070], sa_mask[0]=11111111011111111101111111111110, sa_flags=SA_RESTART|SA_SIGINFO
SIGFPE: [libjvm.so+0x917630], sa_mask[0]=11111111011111111101111111111110, sa_flags=SA_RESTART|SA_SIGINFO
SIGPIPE: [libjvm.so+0x917630], sa_mask[0]=11111111011111111101111111111110, sa_flags=SA_RESTART|SA_SIGINFO
SIGXFSZ: [libjvm.so+0x917630], sa_mask[0]=11111111011111111101111111111110, sa_flags=SA_RESTART|SA_SIGINFO
SIGILL: [libjvm.so+0x917630], sa_mask[0]=11111111011111111101111111111110, sa_flags=SA_RESTART|SA_SIGINFO
SIGUSR1: SIG_DFL, sa_mask[0]=00000000000000000000000000000000, sa_flags=none
SIGUSR2: [libjvm.so+0x918c60], sa_mask[0]=00100000000000000000000000000000, sa_flags=SA_RESTART|SA_SIGINFO
SIGHUP: [libjvm.so+0x91a060], sa_mask[0]=11111111011111111101111111111110, sa_flags=SA_RESTART|SA_SIGINFO
SIGINT: [libjvm.so+0x91a060], sa_mask[0]=11111111011111111101111111111110, sa_flags=SA_RESTART|SA_SIGINFO
SIGTERM: [libjvm.so+0x91a060], sa_mask[0]=11111111011111111101111111111110, sa_flags=SA_RESTART|SA_SIGINFO
SIGQUIT: [libjvm.so+0x91a060], sa_mask[0]=11111111011111111101111111111110, sa_flags=SA_RESTART|SA_SIGINFO


---------------  S Y S T E M  ---------------

OS:DISTRIB_ID=LinuxMint
DISTRIB_RELEASE=17.1
DISTRIB_CODENAME=rebecca
DISTRIB_DESCRIPTION="Linux Mint 17.1 Rebecca"

uname:Linux 3.13.0-37-generic #64-Ubuntu SMP Mon Sep 22 21:28:38 UTC 2014 x86_64
libc:glibc 2.19 NPTL 2.19 
rlimit: STACK 8192k, CORE 0k, NPROC 30418, NOFILE 4096, AS infinity
load average:6.49 2.08 0.99

/proc/meminfo:
MemTotal:        3924736 kB
MemFree:          112988 kB
Buffers:            6416 kB
Cached:           371140 kB
SwapCached:            0 kB
Active:          3324028 kB
Inactive:         316428 kB
Active(anon):    3267540 kB
Inactive(anon):   266756 kB
Active(file):      56488 kB
Inactive(file):    49672 kB
Unevictable:           0 kB
Mlocked:               0 kB
SwapTotal:             0 kB
SwapFree:              0 kB
Dirty:               524 kB
Writeback:             0 kB
AnonPages:       3262456 kB
Mapped:           195092 kB
Shmem:            271152 kB
Slab:              68860 kB
SReclaimable:      32136 kB
SUnreclaim:        36724 kB
KernelStack:        5632 kB
PageTables:        39384 kB
NFS_Unstable:          0 kB
Bounce:                0 kB
WritebackTmp:          0 kB
CommitLimit:     1962368 kB
Committed_AS:    7231388 kB
VmallocTotal:   34359738367 kB
VmallocUsed:      346668 kB
VmallocChunk:   34359383516 kB
HardwareCorrupted:     0 kB
AnonHugePages:   1689600 kB
HugePages_Total:       0
HugePages_Free:        0
HugePages_Rsvd:        0
HugePages_Surp:        0
Hugepagesize:       2048 kB
DirectMap4k:       77264 kB
DirectMap2M:     3995648 kB


CPU:total 4 (2 cores per cpu, 2 threads per core) family 6 model 42 stepping 7, cmov, cx8, fxsr, mmx, sse, sse2, sse3, ssse3, sse4.1, sse4.2, popcnt, avx, aes, clmul, ht, tsc, tscinvbit

/proc/cpuinfo:
processor	: 0
vendor_id	: GenuineIntel
cpu family	: 6
model		: 42
model name	: Intel(R) Core(TM) i5-2520M CPU @ 2.50GHz
stepping	: 7
microcode	: 0x23
cpu MHz		: 2501.000
cache size	: 3072 KB
physical id	: 0
siblings	: 4
core id		: 0
cpu cores	: 2
apicid		: 0
initial apicid	: 0
fpu		: yes
fpu_exception	: yes
cpuid level	: 13
wp		: yes
flags		: fpu vme de pse tsc msr pae mce cx8 apic sep mtrr pge mca cmov pat pse36 clflush dts acpi mmx fxsr sse sse2 ss ht tm pbe syscall nx rdtscp lm constant_tsc arch_perfmon pebs bts rep_good nopl xtopology nonstop_tsc aperfmperf eagerfpu pni pclmulqdq dtes64 monitor ds_cpl vmx smx est tm2 ssse3 cx16 xtpr pdcm pcid sse4_1 sse4_2 x2apic popcnt tsc_deadline_timer aes xsave avx lahf_lm ida arat epb xsaveopt pln pts dtherm tpr_shadow vnmi flexpriority ept vpid
bogomips	: 4988.72
clflush size	: 64
cache_alignment	: 64
address sizes	: 36 bits physical, 48 bits virtual
power management:

processor	: 1
vendor_id	: GenuineIntel
cpu family	: 6
model		: 42
model name	: Intel(R) Core(TM) i5-2520M CPU @ 2.50GHz
stepping	: 7
microcode	: 0x23
cpu MHz		: 2501.000
cache size	: 3072 KB
physical id	: 0
siblings	: 4
core id		: 1
cpu cores	: 2
apicid		: 2
initial apicid	: 2
fpu		: yes
fpu_exception	: yes
cpuid level	: 13
wp		: yes
flags		: fpu vme de pse tsc msr pae mce cx8 apic sep mtrr pge mca cmov pat pse36 clflush dts acpi mmx fxsr sse sse2 ss ht tm pbe syscall nx rdtscp lm constant_tsc arch_perfmon pebs bts rep_good nopl xtopology nonstop_tsc aperfmperf eagerfpu pni pclmulqdq dtes64 monitor ds_cpl vmx smx est tm2 ssse3 cx16 xtpr pdcm pcid sse4_1 sse4_2 x2apic popcnt tsc_deadline_timer aes xsave avx lahf_lm ida arat epb xsaveopt pln pts dtherm tpr_shadow vnmi flexpriority ept vpid
bogomips	: 4988.72
clflush size	: 64
cache_alignment	: 64
address sizes	: 36 bits physical, 48 bits virtual
power management:

processor	: 2
vendor_id	: GenuineIntel
cpu family	: 6
model		: 42
model name	: Intel(R) Core(TM) i5-2520M CPU @ 2.50GHz
stepping	: 7
microcode	: 0x23
cpu MHz		: 2501.000
cache size	: 3072 KB
physical id	: 0
siblings	: 4
core id		: 0
cpu cores	: 2
apicid		: 1
initial apicid	: 1
fpu		: yes
fpu_exception	: yes
cpuid level	: 13
wp		: yes
flags		: fpu vme de pse tsc msr pae mce cx8 apic sep mtrr pge mca cmov pat pse36 clflush dts acpi mmx fxsr sse sse2 ss ht tm pbe syscall nx rdtscp lm constant_tsc arch_perfmon pebs bts rep_good nopl xtopology nonstop_tsc aperfmperf eagerfpu pni pclmulqdq dtes64 monitor ds_cpl vmx smx est tm2 ssse3 cx16 xtpr pdcm pcid sse4_1 sse4_2 x2apic popcnt tsc_deadline_timer aes xsave avx lahf_lm ida arat epb xsaveopt pln pts dtherm tpr_shadow vnmi flexpriority ept vpid
bogomips	: 4988.72
clflush size	: 64
cache_alignment	: 64
address sizes	: 36 bits physical, 48 bits virtual
power management:

processor	: 3
vendor_id	: GenuineIntel
cpu family	: 6
model		: 42
model name	: Intel(R) Core(TM) i5-2520M CPU @ 2.50GHz
stepping	: 7
microcode	: 0x23
cpu MHz		: 2501.000
cache size	: 3072 KB
physical id	: 0
siblings	: 4
core id		: 1
cpu cores	: 2
apicid		: 3
initial apicid	: 3
fpu		: yes
fpu_exception	: yes
cpuid level	: 13
wp		: yes
flags		: fpu vme de pse tsc msr pae mce cx8 apic sep mtrr pge mca cmov pat pse36 clflush dts acpi mmx fxsr sse sse2 ss ht tm pbe syscall nx rdtscp lm constant_tsc arch_perfmon pebs bts rep_good nopl xtopology nonstop_tsc aperfmperf eagerfpu pni pclmulqdq dtes64 monitor ds_cpl vmx smx est tm2 ssse3 cx16 xtpr pdcm pcid sse4_1 sse4_2 x2apic popcnt tsc_deadline_timer aes xsave avx lahf_lm ida arat epb xsaveopt pln pts dtherm tpr_shadow vnmi flexpriority ept vpid
bogomips	: 4988.72
clflush size	: 64
cache_alignment	: 64
address sizes	: 36 bits physical, 48 bits virtual
power management:



Memory: 4k page, physical 3924736k(112988k free), swap 0k(0k free)

vm_info: Java HotSpot(TM) 64-Bit Server VM (25.65-b01) for linux-amd64 JRE (1.8.0_65-b17), built on Oct  6 2015 17:16:12 by "java_re" with gcc 4.3.0 20080428 (Red Hat 4.3.0-8)

time: Fri Aug  5 12:19:32 2016
elapsed time: 8 seconds (0d 0h 0m 8s)

