#
# There is insufficient memory for the Java Runtime Environment to continue.
# Native memory allocation (mmap) failed to map 72876032 bytes for committing reserved memory.
# Possible reasons:
#   The system is out of physical RAM or swap space
#   In 32 bit mode, the process size limit was hit
# Possible solutions:
#   Reduce memory load on the system
#   Increase physical memory or swap space
#   Check if swap backing store is full
#   Use 64 bit Java on a 64 bit OS
#   Decrease Java heap size (-Xmx/-Xms)
#   Decrease number of Java threads
#   Decrease Java thread stack sizes (-Xss)
#   Set larger code cache with -XX:ReservedCodeCacheSize=
# This output file may be truncated or incomplete.
#
#  Out of Memory Error (os_linux.cpp:2627), pid=24052, tid=139728249661184
#
# JRE version: Java(TM) SE Runtime Environment (8.0_65-b17) (build 1.8.0_65-b17)
# Java VM: Java HotSpot(TM) 64-Bit Server VM (25.65-b01 mixed mode linux-amd64 compressed oops)
# Failed to write core dump. Core dumps have been disabled. To enable core dumping, try "ulimit -c unlimited" before starting Java again
#

---------------  T H R E A D  ---------------

Current thread (0x00007f1514078000):  VMThread [stack: 0x00007f15049fa000,0x00007f1504afb000] [id=24062]

Stack: [0x00007f15049fa000,0x00007f1504afb000],  sp=0x00007f1504af92e0,  free space=1020k
Native frames: (J=compiled Java code, j=interpreted, Vv=VM code, C=native code)
V  [libjvm.so+0xab97ea]  VMError::report_and_die()+0x2ba
V  [libjvm.so+0x4f9dcb]  report_vm_out_of_memory(char const*, int, unsigned long, VMErrorType, char const*)+0x8b
V  [libjvm.so+0x91a7c3]  os::Linux::commit_memory_impl(char*, unsigned long, bool)+0x103
V  [libjvm.so+0x91ad19]  os::pd_commit_memory(char*, unsigned long, unsigned long, bool)+0x29
V  [libjvm.so+0x91502a]  os::commit_memory(char*, unsigned long, unsigned long, bool)+0x2a
V  [libjvm.so+0x9886d3]  PSVirtualSpace::expand_by(unsigned long)+0x53
V  [libjvm.so+0x989ad8]  PSYoungGen::resize_generation(unsigned long, unsigned long)+0xf8
V  [libjvm.so+0x988c32]  PSYoungGen::resize(unsigned long, unsigned long)+0x22
V  [libjvm.so+0x985f0b]  PSScavenge::invoke_no_policy()+0xf3b
V  [libjvm.so+0x986691]  PSScavenge::invoke()+0x41
V  [libjvm.so+0x93e430]  ParallelScavengeHeap::failed_mem_allocate(unsigned long)+0x70
V  [libjvm.so+0xabb207]  VM_ParallelGCFailedAllocation::doit()+0x97
V  [libjvm.so+0xac2c35]  VM_Operation::evaluate()+0x55
V  [libjvm.so+0xac100a]  VMThread::evaluate_operation(VM_Operation*)+0xba
V  [libjvm.so+0xac138e]  VMThread::loop()+0x1ce
V  [libjvm.so+0xac1800]  VMThread::run()+0x70
V  [libjvm.so+0x91cb88]  java_start(Thread*)+0x108

VM_Operation (0x00007f151d1ca4e0): ParallelGCFailedAllocation, mode: safepoint, requested by thread 0x00007f151400a000


---------------  P R O C E S S  ---------------

Java Threads: ( => current thread )
  0x00007f15140c0000 JavaThread "Service Thread" daemon [_thread_blocked, id=24074, stack(0x00007f14fddfe000,0x00007f14fdeff000)]
  0x00007f15140bb000 JavaThread "C1 CompilerThread2" daemon [_thread_blocked, id=24072, stack(0x00007f14fdeff000,0x00007f14fe000000)]
  0x00007f15140b9800 JavaThread "C2 CompilerThread1" daemon [_thread_blocked, id=24071, stack(0x00007f15040fb000,0x00007f15041fc000)]
  0x00007f15140b6800 JavaThread "C2 CompilerThread0" daemon [_thread_blocked, id=24068, stack(0x00007f15041fc000,0x00007f15042fd000)]
  0x00007f15140b5000 JavaThread "Signal Dispatcher" daemon [_thread_blocked, id=24067, stack(0x00007f15042fd000,0x00007f15043fe000)]
  0x00007f151407f000 JavaThread "Finalizer" daemon [_thread_blocked, id=24064, stack(0x00007f15047f8000,0x00007f15048f9000)]
  0x00007f151407d000 JavaThread "Reference Handler" daemon [_thread_blocked, id=24063, stack(0x00007f15048f9000,0x00007f15049fa000)]
  0x00007f151400a000 JavaThread "main" [_thread_blocked, id=24057, stack(0x00007f151d0cb000,0x00007f151d1cc000)]

Other Threads:
=>0x00007f1514078000 VMThread [stack: 0x00007f15049fa000,0x00007f1504afb000] [id=24062]
  0x00007f15140c3000 WatcherThread [stack: 0x00007f14fdcfd000,0x00007f14fddfe000] [id=24075]

VM state:at safepoint (normal execution)

VM Mutex/Monitor currently owned by a thread:  ([mutex/lock_event])
[0x00007f15140064d0] Threads_lock - owner thread: 0x00007f1514078000
[0x00007f15140069d0] Heap_lock - owner thread: 0x00007f151400a000

Heap:
 PSYoungGen      total 134656K, used 16424K [0x00000000eab00000, 0x00000000f4300000, 0x0000000100000000)
  eden space 117248K, 0% used [0x00000000eab00000,0x00000000eab00000,0x00000000f1d80000)
  from space 17408K, 94% used [0x00000000f1d80000,0x00000000f2d8a290,0x00000000f2e80000)
  to   space 13824K, 0% used [0x00000000f2e80000,0x00000000f2e80000,0x00000000f3c00000)
 ParOldGen       total 40960K, used 24641K [0x00000000c0000000, 0x00000000c2800000, 0x00000000eab00000)
  object space 40960K, 60% used [0x00000000c0000000,0x00000000c18107a0,0x00000000c2800000)
 Metaspace       used 6684K, capacity 7544K, committed 7680K, reserved 1056768K
  class space    used 633K, capacity 688K, committed 768K, reserved 1048576K

Card table byte_map: [0x00007f1519c9a000,0x00007f1519e9b000] byte_map_base: 0x00007f151969a000

Marking Bits: (ParMarkBitMap*) 0x00007f151c5a8de0
 Begin Bits: [0x00007f14fe000000, 0x00007f14ff000000)
 End Bits:   [0x00007f14ff000000, 0x00007f1500000000)

Polling page: 0x00007f151d1f0000

CodeCache: size=245760Kb used=7587Kb max_used=7590Kb free=238172Kb
 bounds [0x00007f1505000000, 0x00007f1505770000, 0x00007f1514000000]
 total_blobs=2392 nmethods=2122 adapters=183
 compilation: enabled

Compilation events (10 events):
Event: 7.622 Thread 0x00007f15140bb000 nmethod 2401 0x00007f150576b2d0 code [0x00007f150576b5a0, 0x00007f150576c298]
Event: 7.622 Thread 0x00007f15140bb000 2408       2       com.android.dx.dex.file.StringIdItem::itemType (4 bytes)
Event: 7.623 Thread 0x00007f15140bb000 nmethod 2408 0x00007f1505765d10 code [0x00007f1505765e60, 0x00007f1505765fb0]
Event: 7.623 Thread 0x00007f15140bb000 2411       2       com.android.dx.dex.file.FieldIdItem::itemType (4 bytes)
Event: 7.623 Thread 0x00007f15140bb000 nmethod 2411 0x00007f1505759950 code [0x00007f1505759aa0, 0x00007f1505759bf0]
Event: 7.623 Thread 0x00007f15140bb000 2410       2       com.android.dx.dex.file.ProtoIdItem::itemType (4 bytes)
Event: 7.623 Thread 0x00007f15140bb000 nmethod 2410 0x00007f150576af90 code [0x00007f150576b0e0, 0x00007f150576b230]
Event: 7.623 Thread 0x00007f15140bb000 2409       2       com.android.dx.dex.file.TypeIdItem::itemType (4 bytes)
Event: 7.623 Thread 0x00007f15140bb000 nmethod 2409 0x00007f150576ac50 code [0x00007f150576ada0, 0x00007f150576aef0]
Event: 7.623 Thread 0x00007f15140bb000 2402       2       com.android.dx.dex.file.ClassDataItem::encodeSize (62 bytes)

GC Heap History (10 events):
Event: 3.272 GC heap after
Heap after GC invocations=4 (full 0):
 PSYoungGen      total 33280K, used 2553K [0x00000000eab00000, 0x00000000ece00000, 0x0000000100000000)
  eden space 30720K, 0% used [0x00000000eab00000,0x00000000eab00000,0x00000000ec900000)
  from space 2560K, 99% used [0x00000000ecb80000,0x00000000ecdfe470,0x00000000ece00000)
  to   space 2560K, 0% used [0x00000000ec900000,0x00000000ec900000,0x00000000ecb80000)
 ParOldGen       total 40960K, used 7977K [0x00000000c0000000, 0x00000000c2800000, 0x00000000eab00000)
  object space 40960K, 19% used [0x00000000c0000000,0x00000000c07ca518,0x00000000c2800000)
 Metaspace       used 5868K, capacity 6832K, committed 7040K, reserved 1056768K
  class space    used 592K, capacity 616K, committed 640K, reserved 1048576K
}
Event: 3.658 GC heap before
{Heap before GC invocations=5 (full 0):
 PSYoungGen      total 33280K, used 33273K [0x00000000eab00000, 0x00000000ece00000, 0x0000000100000000)
  eden space 30720K, 100% used [0x00000000eab00000,0x00000000ec900000,0x00000000ec900000)
  from space 2560K, 99% used [0x00000000ecb80000,0x00000000ecdfe470,0x00000000ece00000)
  to   space 2560K, 0% used [0x00000000ec900000,0x00000000ec900000,0x00000000ecb80000)
 ParOldGen       total 40960K, used 7977K [0x00000000c0000000, 0x00000000c2800000, 0x00000000eab00000)
  object space 40960K, 19% used [0x00000000c0000000,0x00000000c07ca518,0x00000000c2800000)
 Metaspace       used 5908K, capacity 6896K, committed 7040K, reserved 1056768K
  class space    used 592K, capacity 616K, committed 640K, reserved 1048576K
Event: 3.678 GC heap after
Heap after GC invocations=5 (full 0):
 PSYoungGen      total 33280K, used 2534K [0x00000000eab00000, 0x00000000ef700000, 0x0000000100000000)
  eden space 30720K, 0% used [0x00000000eab00000,0x00000000eab00000,0x00000000ec900000)
  from space 2560K, 99% used [0x00000000ec900000,0x00000000ecb79b30,0x00000000ecb80000)
  to   space 8192K, 0% used [0x00000000eef00000,0x00000000eef00000,0x00000000ef700000)
 ParOldGen       total 40960K, used 12915K [0x00000000c0000000, 0x00000000c2800000, 0x00000000eab00000)
  object space 40960K, 31% used [0x00000000c0000000,0x00000000c0c9cd20,0x00000000c2800000)
 Metaspace       used 5908K, capacity 6896K, committed 7040K, reserved 1056768K
  class space    used 592K, capacity 616K, committed 640K, reserved 1048576K
}
Event: 3.963 GC heap before
{Heap before GC invocations=6 (full 0):
 PSYoungGen      total 33280K, used 33254K [0x00000000eab00000, 0x00000000ef700000, 0x0000000100000000)
  eden space 30720K, 100% used [0x00000000eab00000,0x00000000ec900000,0x00000000ec900000)
  from space 2560K, 99% used [0x00000000ec900000,0x00000000ecb79b30,0x00000000ecb80000)
  to   space 8192K, 0% used [0x00000000eef00000,0x00000000eef00000,0x00000000ef700000)
 ParOldGen       total 40960K, used 12915K [0x00000000c0000000, 0x00000000c2800000, 0x00000000eab00000)
  object space 40960K, 31% used [0x00000000c0000000,0x00000000c0c9cd20,0x00000000c2800000)
 Metaspace       used 5915K, capacity 6896K, committed 7040K, reserved 1056768K
  class space    used 593K, capacity 616K, committed 640K, reserved 1048576K
Event: 4.024 GC heap after
Heap after GC invocations=6 (full 0):
 PSYoungGen      total 68608K, used 7489K [0x00000000eab00000, 0x00000000ef900000, 0x0000000100000000)
  eden space 60416K, 0% used [0x00000000eab00000,0x00000000eab00000,0x00000000ee600000)
  from space 8192K, 91% used [0x00000000eef00000,0x00000000ef650410,0x00000000ef700000)
  to   space 9216K, 0% used [0x00000000ee600000,0x00000000ee600000,0x00000000eef00000)
 ParOldGen       total 40960K, used 12915K [0x00000000c0000000, 0x00000000c2800000, 0x00000000eab00000)
  object space 40960K, 31% used [0x00000000c0000000,0x00000000c0c9cd20,0x00000000c2800000)
 Metaspace       used 5915K, capacity 6896K, committed 7040K, reserved 1056768K
  class space    used 593K, capacity 616K, committed 640K, reserved 1048576K
}
Event: 4.785 GC heap before
{Heap before GC invocations=7 (full 0):
 PSYoungGen      total 68608K, used 67905K [0x00000000eab00000, 0x00000000ef900000, 0x0000000100000000)
  eden space 60416K, 100% used [0x00000000eab00000,0x00000000ee600000,0x00000000ee600000)
  from space 8192K, 91% used [0x00000000eef00000,0x00000000ef650410,0x00000000ef700000)
  to   space 9216K, 0% used [0x00000000ee600000,0x00000000ee600000,0x00000000eef00000)
 ParOldGen       total 40960K, used 12915K [0x00000000c0000000, 0x00000000c2800000, 0x00000000eab00000)
  object space 40960K, 31% used [0x00000000c0000000,0x00000000c0c9cd20,0x00000000c2800000)
 Metaspace       used 6103K, capacity 7000K, committed 7168K, reserved 1056768K
  class space    used 613K, capacity 656K, committed 768K, reserved 1048576K
Event: 4.844 GC heap after
Heap after GC invocations=7 (full 0):
 PSYoungGen      total 69632K, used 9213K [0x00000000eab00000, 0x00000000f3c00000, 0x0000000100000000)
  eden space 60416K, 0% used [0x00000000eab00000,0x00000000eab00000,0x00000000ee600000)
  from space 9216K, 99% used [0x00000000ee600000,0x00000000eeeff790,0x00000000eef00000)
  to   space 13824K, 0% used [0x00000000f2e80000,0x00000000f2e80000,0x00000000f3c00000)
 ParOldGen       total 40960K, used 19446K [0x00000000c0000000, 0x00000000c2800000, 0x00000000eab00000)
  object space 40960K, 47% used [0x00000000c0000000,0x00000000c12fd950,0x00000000c2800000)
 Metaspace       used 6103K, capacity 7000K, committed 7168K, reserved 1056768K
  class space    used 613K, capacity 656K, committed 768K, reserved 1048576K
}
Event: 5.409 GC heap before
{Heap before GC invocations=8 (full 0):
 PSYoungGen      total 69632K, used 69629K [0x00000000eab00000, 0x00000000f3c00000, 0x0000000100000000)
  eden space 60416K, 100% used [0x00000000eab00000,0x00000000ee600000,0x00000000ee600000)
  from space 9216K, 99% used [0x00000000ee600000,0x00000000eeeff790,0x00000000eef00000)
  to   space 13824K, 0% used [0x00000000f2e80000,0x00000000f2e80000,0x00000000f3c00000)
 ParOldGen       total 40960K, used 19446K [0x00000000c0000000, 0x00000000c2800000, 0x00000000eab00000)
  object space 40960K, 47% used [0x00000000c0000000,0x00000000c12fd950,0x00000000c2800000)
 Metaspace       used 6146K, capacity 7064K, committed 7424K, reserved 1056768K
  class space    used 613K, capacity 656K, committed 768K, reserved 1048576K
Event: 5.492 GC heap after
Heap after GC invocations=8 (full 0):
 PSYoungGen      total 131072K, used 13795K [0x00000000eab00000, 0x00000000f4300000, 0x0000000100000000)
  eden space 117248K, 0% used [0x00000000eab00000,0x00000000eab00000,0x00000000f1d80000)
  from space 13824K, 99% used [0x00000000f2e80000,0x00000000f3bf8ef8,0x00000000f3c00000)
  to   space 17408K, 0% used [0x00000000f1d80000,0x00000000f1d80000,0x00000000f2e80000)
 ParOldGen       total 40960K, used 22508K [0x00000000c0000000, 0x00000000c2800000, 0x00000000eab00000)
  object space 40960K, 54% used [0x00000000c0000000,0x00000000c15fb260,0x00000000c2800000)
 Metaspace       used 6146K, capacity 7064K, committed 7424K, reserved 1056768K
  class space    used 613K, capacity 656K, committed 768K, reserved 1048576K
}
Event: 7.629 GC heap before
{Heap before GC invocations=9 (full 0):
 PSYoungGen      total 131072K, used 130917K [0x00000000eab00000, 0x00000000f4300000, 0x0000000100000000)
  eden space 117248K, 99% used [0x00000000eab00000,0x00000000f1d60728,0x00000000f1d80000)
  from space 13824K, 99% used [0x00000000f2e80000,0x00000000f3bf8ef8,0x00000000f3c00000)
  to   space 17408K, 0% used [0x00000000f1d80000,0x00000000f1d80000,0x00000000f2e80000)
 ParOldGen       total 40960K, used 22508K [0x00000000c0000000, 0x00000000c2800000, 0x00000000eab00000)
  object space 40960K, 54% used [0x00000000c0000000,0x00000000c15fb260,0x00000000c2800000)
 Metaspace       used 6684K, capacity 7544K, committed 7680K, reserved 1056768K
  class space    used 633K, capacity 688K, committed 768K, reserved 1048576K

Deoptimization events (10 events):
Event: 5.500 Thread 0x00007f1514142000 Uncommon trap: reason=unstable_if action=reinterpret pc=0x00007f15051fd3f8 method=java.util.HashMap.getNode(ILjava/lang/Object;)Ljava/util/HashMap$Node; @ 84
Event: 5.607 Thread 0x00007f1514142000 Uncommon trap: reason=unstable_if action=reinterpret pc=0x00007f1505330f88 method=com.android.dx.dex.code.OutputFinisher.hasLocalInfo(Lcom/android/dx/dex/code/DalvInsn;)Z @ 24
Event: 5.686 Thread 0x00007f151413e000 Uncommon trap: reason=unstable_if action=reinterpret pc=0x00007f15054e7d78 method=com.android.dx.ssa.SCCP.simulateBranch(Lcom/android/dx/ssa/SsaInsn;)V @ 548
Event: 6.291 Thread 0x00007f151400a000 Uncommon trap: reason=class_check action=maybe_recompile pc=0x00007f15053c293c method=java.util.Arrays.hashCode([Ljava/lang/Object;)I @ 43
Event: 6.291 Thread 0x00007f151400a000 Uncommon trap: reason=class_check action=maybe_recompile pc=0x00007f15053c293c method=java.util.Arrays.hashCode([Ljava/lang/Object;)I @ 43
Event: 6.291 Thread 0x00007f151400a000 Uncommon trap: reason=class_check action=maybe_recompile pc=0x00007f15053c293c method=java.util.Arrays.hashCode([Ljava/lang/Object;)I @ 43
Event: 6.291 Thread 0x00007f151400a000 Uncommon trap: reason=class_check action=maybe_recompile pc=0x00007f15053c293c method=java.util.Arrays.hashCode([Ljava/lang/Object;)I @ 43
Event: 6.291 Thread 0x00007f151400a000 Uncommon trap: reason=class_check action=maybe_recompile pc=0x00007f150537b374 method=java.util.Arrays.hashCode([Ljava/lang/Object;)I @ 43
Event: 6.755 Thread 0x00007f151400a000 Uncommon trap: reason=unstable_if action=reinterpret pc=0x00007f15052f444c method=java.util.Arrays.equals([Ljava/lang/Object;[Ljava/lang/Object;)Z @ 23
Event: 7.349 Thread 0x00007f151400a000 Uncommon trap: reason=unstable_if action=reinterpret pc=0x00007f150571cb00 method=com.android.dx.rop.code.RegisterSpec.equalsUsingSimpleType(Lcom/android/dx/rop/code/RegisterSpec;)Z @ 5

Internal exceptions (5 events):
Event: 0.215 Thread 0x00007f151400a000 Exception <a 'java/lang/NoSuchMethodError': Method sun.misc.Unsafe.defineClass(Ljava/lang/String;[BII)Ljava/lang/Class; name or signature does not match> (0x00000000eab12b98) thrown at [/HUDSON/workspace/8-2-build-linux-amd64/jdk8u65/4987/hotspot/src/shar
Event: 0.215 Thread 0x00007f151400a000 Exception <a 'java/lang/NoSuchMethodError': Method sun.misc.Unsafe.prefetchRead(Ljava/lang/Object;J)V name or signature does not match> (0x00000000eab12e80) thrown at [/HUDSON/workspace/8-2-build-linux-amd64/jdk8u65/4987/hotspot/src/share/vm/prims/jni.cpp
Event: 4.617 Thread 0x00007f1514145000 Exception <a 'java/lang/ArrayIndexOutOfBoundsException': 18> (0x00000000ed7ed068) thrown at [/HUDSON/workspace/8-2-build-linux-amd64/jdk8u65/4987/hotspot/src/share/vm/interpreter/interpreterRuntime.cpp, line 366]
Event: 4.618 Thread 0x00007f1514145000 Exception <a 'java/lang/ArrayIndexOutOfBoundsException': 145> (0x00000000ed7eebe8) thrown at [/HUDSON/workspace/8-2-build-linux-amd64/jdk8u65/4987/hotspot/src/share/vm/interpreter/interpreterRuntime.cpp, line 366]
Event: 4.619 Thread 0x00007f1514145000 Exception <a 'java/lang/ArrayIndexOutOfBoundsException': 40> (0x00000000ed7efed0) thrown at [/HUDSON/workspace/8-2-build-linux-amd64/jdk8u65/4987/hotspot/src/share/vm/interpreter/interpreterRuntime.cpp, line 366]

Events (10 events):
Event: 7.449 loading class com/android/dx/dex/file/DebugInfoEncoder done
Event: 7.454 loading class com/android/dx/dex/file/DebugInfoEncoder$1
Event: 7.454 loading class com/android/dx/dex/file/DebugInfoEncoder$1 done
Event: 7.456 loading class com/android/dx/dex/file/DebugInfoEncoder$2
Event: 7.456 loading class com/android/dx/dex/file/DebugInfoEncoder$2 done
Event: 7.571 loading class com/android/dex/EncodedValueCodec
Event: 7.571 loading class com/android/dex/EncodedValueCodec done
Event: 7.618 loading class com/android/dx/dex/file/MapItem
Event: 7.618 loading class com/android/dx/dex/file/MapItem done
Event: 7.629 Executing VM operation: ParallelGCFailedAllocation


Dynamic libraries:
00400000-00401000 r-xp 00000000 08:03 1709722                            /home/abel/jdk1.8.0_65/bin/java
00600000-00601000 rw-p 00000000 08:03 1709722                            /home/abel/jdk1.8.0_65/bin/java
02477000-02498000 rw-p 00000000 00:00 0                                  [heap]
c0000000-c2800000 rw-p 00000000 00:00 0 
c2800000-eab00000 ---p 00000000 00:00 0 
eab00000-f4300000 rw-p 00000000 00:00 0 
f8880000-100000000 ---p 00000000 00:00 0 
100000000-1000c0000 rw-p 00000000 00:00 0 
1000c0000-140000000 ---p 00000000 00:00 0 
7f14b0000000-7f14b0021000 rw-p 00000000 00:00 0 
7f14b0021000-7f14b4000000 ---p 00000000 00:00 0 
7f14b8000000-7f14b8021000 rw-p 00000000 00:00 0 
7f14b8021000-7f14bc000000 ---p 00000000 00:00 0 
7f14bc000000-7f14bc027000 rw-p 00000000 00:00 0 
7f14bc027000-7f14c0000000 ---p 00000000 00:00 0 
7f14c0000000-7f14c0036000 rw-p 00000000 00:00 0 
7f14c0036000-7f14c4000000 ---p 00000000 00:00 0 
7f14c4000000-7f14c4021000 rw-p 00000000 00:00 0 
7f14c4021000-7f14c8000000 ---p 00000000 00:00 0 
7f14c8000000-7f14c8021000 rw-p 00000000 00:00 0 
7f14c8021000-7f14cc000000 ---p 00000000 00:00 0 
7f14cc000000-7f14cc021000 rw-p 00000000 00:00 0 
7f14cc021000-7f14d0000000 ---p 00000000 00:00 0 
7f14d0000000-7f14d0f5d000 rw-p 00000000 00:00 0 
7f14d0f5d000-7f14d4000000 ---p 00000000 00:00 0 
7f14d4000000-7f14d4c26000 rw-p 00000000 00:00 0 
7f14d4c26000-7f14d8000000 ---p 00000000 00:00 0 
7f14d8000000-7f14d8021000 rw-p 00000000 00:00 0 
7f14d8021000-7f14dc000000 ---p 00000000 00:00 0 
7f14dc000000-7f14dceab000 rw-p 00000000 00:00 0 
7f14dceab000-7f14e0000000 ---p 00000000 00:00 0 
7f14e0000000-7f14e0021000 rw-p 00000000 00:00 0 
7f14e0021000-7f14e4000000 ---p 00000000 00:00 0 
7f14e4000000-7f14e4021000 rw-p 00000000 00:00 0 
7f14e4021000-7f14e8000000 ---p 00000000 00:00 0 
7f14e8000000-7f14e8021000 rw-p 00000000 00:00 0 
7f14e8021000-7f14ec000000 ---p 00000000 00:00 0 
7f14ec000000-7f14ec28c000 rw-p 00000000 00:00 0 
7f14ec28c000-7f14f0000000 ---p 00000000 00:00 0 
7f14f0000000-7f14f0021000 rw-p 00000000 00:00 0 
7f14f0021000-7f14f4000000 ---p 00000000 00:00 0 
7f14f8000000-7f14f8021000 rw-p 00000000 00:00 0 
7f14f8021000-7f14fc000000 ---p 00000000 00:00 0 
7f14fd7f8000-7f14fd7fb000 ---p 00000000 00:00 0 
7f14fd7fb000-7f14fd8f9000 rw-p 00000000 00:00 0 
7f14fd8f9000-7f14fd8fc000 ---p 00000000 00:00 0 
7f14fd8fc000-7f14fd9fa000 rw-p 00000000 00:00 0 
7f14fd9fa000-7f14fd9fd000 ---p 00000000 00:00 0 
7f14fd9fd000-7f14fdafb000 rw-p 00000000 00:00 0 
7f14fdafb000-7f14fdafe000 ---p 00000000 00:00 0 
7f14fdafe000-7f14fdbfc000 rw-p 00000000 00:00 0 
7f14fdbfc000-7f14fdbff000 ---p 00000000 00:00 0 
7f14fdbff000-7f14fdcfd000 rw-p 00000000 00:00 0 
7f14fdcfd000-7f14fdcfe000 ---p 00000000 00:00 0 
7f14fdcfe000-7f14fddfe000 rw-p 00000000 00:00 0                          [stack:24075]
7f14fddfe000-7f14fde01000 ---p 00000000 00:00 0 
7f14fde01000-7f14fdeff000 rw-p 00000000 00:00 0                          [stack:24074]
7f14fdeff000-7f14fdf02000 ---p 00000000 00:00 0 
7f14fdf02000-7f1500000000 rw-p 00000000 00:00 0                          [stack:24072]
7f1500000000-7f1500021000 rw-p 00000000 00:00 0 
7f1500021000-7f1504000000 ---p 00000000 00:00 0 
7f15040fb000-7f15040fe000 ---p 00000000 00:00 0 
7f15040fe000-7f15041fc000 rw-p 00000000 00:00 0                          [stack:24071]
7f15041fc000-7f15041ff000 ---p 00000000 00:00 0 
7f15041ff000-7f15042fd000 rw-p 00000000 00:00 0                          [stack:24068]
7f15042fd000-7f1504300000 ---p 00000000 00:00 0 
7f1504300000-7f15043fe000 rw-p 00000000 00:00 0                          [stack:24067]
7f15043fe000-7f15047f8000 r--p 00000000 08:03 2502952                    /usr/lib/locale/locale-archive
7f15047f8000-7f15047fb000 ---p 00000000 00:00 0 
7f15047fb000-7f15048f9000 rw-p 00000000 00:00 0                          [stack:24064]
7f15048f9000-7f15048fc000 ---p 00000000 00:00 0 
7f15048fc000-7f15049fa000 rw-p 00000000 00:00 0                          [stack:24063]
7f15049fa000-7f15049fb000 ---p 00000000 00:00 0 
7f15049fb000-7f1505000000 rw-p 00000000 00:00 0                          [stack:24062]
7f1505000000-7f1505770000 rwxp 00000000 00:00 0 
7f1505770000-7f1514000000 ---p 00000000 00:00 0 
7f1514000000-7f1514388000 rw-p 00000000 00:00 0 
7f1514388000-7f1518000000 ---p 00000000 00:00 0 
7f1518034000-7f1518043000 r--s 000df000 08:03 1594568                    /home/abel/Android/Sdk/build-tools/23.0.3/lib/dx.jar
7f1518043000-7f1518af2000 rw-p 00000000 00:00 0 
7f1518af2000-7f1518cca000 r--s 03d20000 08:03 1709629                    /home/abel/jdk1.8.0_65/jre/lib/rt.jar
7f1518cca000-7f1519400000 rw-p 00000000 00:00 0 
7f1519400000-7f1519540000 ---p 00000000 00:00 0 
7f1519540000-7f1519740000 rw-p 00000000 00:00 0 
7f1519740000-7f1519741000 ---p 00000000 00:00 0 
7f1519741000-7f1519841000 rw-p 00000000 00:00 0                          [stack:24061]
7f1519841000-7f1519842000 ---p 00000000 00:00 0 
7f1519842000-7f1519942000 rw-p 00000000 00:00 0                          [stack:24060]
7f1519942000-7f1519943000 ---p 00000000 00:00 0 
7f1519943000-7f1519a43000 rw-p 00000000 00:00 0                          [stack:24059]
7f1519a43000-7f1519a44000 ---p 00000000 00:00 0 
7f1519a44000-7f1519b58000 rw-p 00000000 00:00 0                          [stack:24058]
7f1519b58000-7f1519c9a000 ---p 00000000 00:00 0 
7f1519c9a000-7f1519cae000 rw-p 00000000 00:00 0 
7f1519cae000-7f1519def000 ---p 00000000 00:00 0 
7f1519def000-7f1519e3c000 rw-p 00000000 00:00 0 
7f1519e3c000-7f1519e9a000 ---p 00000000 00:00 0 
7f1519e9a000-7f1519eb9000 rw-p 00000000 00:00 0 
7f1519eb9000-7f151a25b000 ---p 00000000 00:00 0 
7f151a25b000-7f151a275000 r-xp 00000000 08:03 1709579                    /home/abel/jdk1.8.0_65/jre/lib/amd64/libzip.so
7f151a275000-7f151a475000 ---p 0001a000 08:03 1709579                    /home/abel/jdk1.8.0_65/jre/lib/amd64/libzip.so
7f151a475000-7f151a476000 rw-p 0001a000 08:03 1709579                    /home/abel/jdk1.8.0_65/jre/lib/amd64/libzip.so
7f151a476000-7f151a480000 r-xp 00000000 08:03 538042                     /lib/x86_64-linux-gnu/libnss_files-2.19.so
7f151a480000-7f151a67f000 ---p 0000a000 08:03 538042                     /lib/x86_64-linux-gnu/libnss_files-2.19.so
7f151a67f000-7f151a680000 r--p 00009000 08:03 538042                     /lib/x86_64-linux-gnu/libnss_files-2.19.so
7f151a680000-7f151a681000 rw-p 0000a000 08:03 538042                     /lib/x86_64-linux-gnu/libnss_files-2.19.so
7f151a681000-7f151a68c000 r-xp 00000000 08:03 538034                     /lib/x86_64-linux-gnu/libnss_nis-2.19.so
7f151a68c000-7f151a88b000 ---p 0000b000 08:03 538034                     /lib/x86_64-linux-gnu/libnss_nis-2.19.so
7f151a88b000-7f151a88c000 r--p 0000a000 08:03 538034                     /lib/x86_64-linux-gnu/libnss_nis-2.19.so
7f151a88c000-7f151a88d000 rw-p 0000b000 08:03 538034                     /lib/x86_64-linux-gnu/libnss_nis-2.19.so
7f151a88d000-7f151a8a4000 r-xp 00000000 08:03 535244                     /lib/x86_64-linux-gnu/libnsl-2.19.so
7f151a8a4000-7f151aaa3000 ---p 00017000 08:03 535244                     /lib/x86_64-linux-gnu/libnsl-2.19.so
7f151aaa3000-7f151aaa4000 r--p 00016000 08:03 535244                     /lib/x86_64-linux-gnu/libnsl-2.19.so
7f151aaa4000-7f151aaa5000 rw-p 00017000 08:03 535244                     /lib/x86_64-linux-gnu/libnsl-2.19.so
7f151aaa5000-7f151aaa7000 rw-p 00000000 00:00 0 
7f151aaa7000-7f151aab0000 r-xp 00000000 08:03 535195                     /lib/x86_64-linux-gnu/libnss_compat-2.19.so
7f151aab0000-7f151acaf000 ---p 00009000 08:03 535195                     /lib/x86_64-linux-gnu/libnss_compat-2.19.so
7f151acaf000-7f151acb0000 r--p 00008000 08:03 535195                     /lib/x86_64-linux-gnu/libnss_compat-2.19.so
7f151acb0000-7f151acb1000 rw-p 00009000 08:03 535195                     /lib/x86_64-linux-gnu/libnss_compat-2.19.so
7f151acb1000-7f151acdb000 r-xp 00000000 08:03 1709557                    /home/abel/jdk1.8.0_65/jre/lib/amd64/libjava.so
7f151acdb000-7f151aedb000 ---p 0002a000 08:03 1709557                    /home/abel/jdk1.8.0_65/jre/lib/amd64/libjava.so
7f151aedb000-7f151aedd000 rw-p 0002a000 08:03 1709557                    /home/abel/jdk1.8.0_65/jre/lib/amd64/libjava.so
7f151aedd000-7f151aeea000 r-xp 00000000 08:03 1709573                    /home/abel/jdk1.8.0_65/jre/lib/amd64/libverify.so
7f151aeea000-7f151b0ea000 ---p 0000d000 08:03 1709573                    /home/abel/jdk1.8.0_65/jre/lib/amd64/libverify.so
7f151b0ea000-7f151b0ec000 rw-p 0000d000 08:03 1709573                    /home/abel/jdk1.8.0_65/jre/lib/amd64/libverify.so
7f151b0ec000-7f151b0f3000 r-xp 00000000 08:03 538038                     /lib/x86_64-linux-gnu/librt-2.19.so
7f151b0f3000-7f151b2f2000 ---p 00007000 08:03 538038                     /lib/x86_64-linux-gnu/librt-2.19.so
7f151b2f2000-7f151b2f3000 r--p 00006000 08:03 538038                     /lib/x86_64-linux-gnu/librt-2.19.so
7f151b2f3000-7f151b2f4000 rw-p 00007000 08:03 538038                     /lib/x86_64-linux-gnu/librt-2.19.so
7f151b2f4000-7f151b3f9000 r-xp 00000000 08:03 535079                     /lib/x86_64-linux-gnu/libm-2.19.so
7f151b3f9000-7f151b5f8000 ---p 00105000 08:03 535079                     /lib/x86_64-linux-gnu/libm-2.19.so
7f151b5f8000-7f151b5f9000 r--p 00104000 08:03 535079                     /lib/x86_64-linux-gnu/libm-2.19.so
7f151b5f9000-7f151b5fa000 rw-p 00105000 08:03 535079                     /lib/x86_64-linux-gnu/libm-2.19.so
7f151b5fa000-7f151c2b8000 r-xp 00000000 08:03 1709595                    /home/abel/jdk1.8.0_65/jre/lib/amd64/server/libjvm.so
7f151c2b8000-7f151c4b7000 ---p 00cbe000 08:03 1709595                    /home/abel/jdk1.8.0_65/jre/lib/amd64/server/libjvm.so
7f151c4b7000-7f151c58f000 rw-p 00cbd000 08:03 1709595                    /home/abel/jdk1.8.0_65/jre/lib/amd64/server/libjvm.so
7f151c58f000-7f151c5d4000 rw-p 00000000 00:00 0 
7f151c5d4000-7f151c78e000 r-xp 00000000 08:03 538039                     /lib/x86_64-linux-gnu/libc-2.19.so
7f151c78e000-7f151c98e000 ---p 001ba000 08:03 538039                     /lib/x86_64-linux-gnu/libc-2.19.so
7f151c98e000-7f151c992000 r--p 001ba000 08:03 538039                     /lib/x86_64-linux-gnu/libc-2.19.so
7f151c992000-7f151c994000 rw-p 001be000 08:03 538039                     /lib/x86_64-linux-gnu/libc-2.19.so
7f151c994000-7f151c999000 rw-p 00000000 00:00 0 
7f151c999000-7f151c99c000 r-xp 00000000 08:03 535192                     /lib/x86_64-linux-gnu/libdl-2.19.so
7f151c99c000-7f151cb9b000 ---p 00003000 08:03 535192                     /lib/x86_64-linux-gnu/libdl-2.19.so
7f151cb9b000-7f151cb9c000 r--p 00002000 08:03 535192                     /lib/x86_64-linux-gnu/libdl-2.19.so
7f151cb9c000-7f151cb9d000 rw-p 00003000 08:03 535192                     /lib/x86_64-linux-gnu/libdl-2.19.so
7f151cb9d000-7f151cbb2000 r-xp 00000000 08:03 539757                     /home/abel/jdk1.8.0_65/lib/amd64/jli/libjli.so
7f151cbb2000-7f151cdb2000 ---p 00015000 08:03 539757                     /home/abel/jdk1.8.0_65/lib/amd64/jli/libjli.so
7f151cdb2000-7f151cdb3000 rw-p 00015000 08:03 539757                     /home/abel/jdk1.8.0_65/lib/amd64/jli/libjli.so
7f151cdb3000-7f151cdcc000 r-xp 00000000 08:03 538029                     /lib/x86_64-linux-gnu/libpthread-2.19.so
7f151cdcc000-7f151cfcb000 ---p 00019000 08:03 538029                     /lib/x86_64-linux-gnu/libpthread-2.19.so
7f151cfcb000-7f151cfcc000 r--p 00018000 08:03 538029                     /lib/x86_64-linux-gnu/libpthread-2.19.so
7f151cfcc000-7f151cfcd000 rw-p 00019000 08:03 538029                     /lib/x86_64-linux-gnu/libpthread-2.19.so
7f151cfcd000-7f151cfd1000 rw-p 00000000 00:00 0 
7f151cfd1000-7f151cff4000 r-xp 00000000 08:03 538031                     /lib/x86_64-linux-gnu/ld-2.19.so
7f151cff9000-7f151d0cb000 rw-p 00000000 00:00 0 
7f151d0cb000-7f151d0ce000 ---p 00000000 00:00 0 
7f151d0ce000-7f151d1d0000 rw-p 00000000 00:00 0                          [stack:24057]
7f151d1d2000-7f151d1e7000 rw-p 00000000 00:00 0 
7f151d1e7000-7f151d1ef000 rw-s 00000000 08:03 1057877                    /tmp/hsperfdata_abel/24052
7f151d1ef000-7f151d1f0000 rw-p 00000000 00:00 0 
7f151d1f0000-7f151d1f1000 ---p 00000000 00:00 0 
7f151d1f1000-7f151d1f3000 rw-p 00000000 00:00 0 
7f151d1f3000-7f151d1f4000 r--p 00022000 08:03 538031                     /lib/x86_64-linux-gnu/ld-2.19.so
7f151d1f4000-7f151d1f5000 rw-p 00023000 08:03 538031                     /lib/x86_64-linux-gnu/ld-2.19.so
7f151d1f5000-7f151d1f6000 rw-p 00000000 00:00 0 
7fff2e030000-7fff2e051000 rw-p 00000000 00:00 0                          [stack]
7fff2e16d000-7fff2e16f000 r-xp 00000000 00:00 0                          [vdso]
ffffffffff600000-ffffffffff601000 r-xp 00000000 00:00 0                  [vsyscall]

VM Arguments:
jvm_args: -Djava.awt.headless=true -Xmx1024M -Dfile.encoding=UTF-8 -Duser.country=MX -Duser.language=es -Duser.variant 
java_command: com.android.dx.command.Main --dex --num-threads=4 --output /home/abel/Escritorio/Radika/Samples/RadikaX/GlideRatioGauge/app/build/intermediates/pre-dexed/debug/com.android.support-appcompat-v7-23.4.0_63dd37a9b269de0b861139e2085cb72d6b3ae6b7.jar /home/abel/Escritorio/Radika/Samples/RadikaX/GlideRatioGauge/app/build/intermediates/exploded-aar/com.android.support/appcompat-v7/23.4.0/jars/classes.jar
java_class_path (initial): /home/abel/Android/Sdk/build-tools/23.0.3/lib/dx.jar
Launcher Type: SUN_STANDARD

Environment Variables:
PATH=/usr/local/sbin:/usr/local/bin:/usr/sbin:/usr/bin:/sbin:/bin:/usr/games:/usr/local/games:/home/abel/jdk1.8.0_65/jre/bin:/home/abel/jdk1.8.0_65/bin
USERNAME=abel
LD_LIBRARY_PATH=.:
SHELL=/bin/bash
DISPLAY=:0.0

Signal Handlers:
SIGSEGV: [libjvm.so+0xaba070], sa_mask[0]=11111111011111111101111111111110, sa_flags=SA_RESTART|SA_SIGINFO
SIGBUS: [libjvm.so+0xaba070], sa_mask[0]=11111111011111111101111111111110, sa_flags=SA_RESTART|SA_SIGINFO
SIGFPE: [libjvm.so+0x917630], sa_mask[0]=11111111011111111101111111111110, sa_flags=SA_RESTART|SA_SIGINFO
SIGPIPE: [libjvm.so+0x917630], sa_mask[0]=11111111011111111101111111111110, sa_flags=SA_RESTART|SA_SIGINFO
SIGXFSZ: [libjvm.so+0x917630], sa_mask[0]=11111111011111111101111111111110, sa_flags=SA_RESTART|SA_SIGINFO
SIGILL: [libjvm.so+0x917630], sa_mask[0]=11111111011111111101111111111110, sa_flags=SA_RESTART|SA_SIGINFO
SIGUSR1: SIG_DFL, sa_mask[0]=00000000000000000000000000000000, sa_flags=none
SIGUSR2: [libjvm.so+0x918c60], sa_mask[0]=00100000000000000000000000000000, sa_flags=SA_RESTART|SA_SIGINFO
SIGHUP: [libjvm.so+0x91a060], sa_mask[0]=11111111011111111101111111111110, sa_flags=SA_RESTART|SA_SIGINFO
SIGINT: [libjvm.so+0x91a060], sa_mask[0]=11111111011111111101111111111110, sa_flags=SA_RESTART|SA_SIGINFO
SIGTERM: [libjvm.so+0x91a060], sa_mask[0]=11111111011111111101111111111110, sa_flags=SA_RESTART|SA_SIGINFO
SIGQUIT: [libjvm.so+0x91a060], sa_mask[0]=11111111011111111101111111111110, sa_flags=SA_RESTART|SA_SIGINFO


---------------  S Y S T E M  ---------------

OS:DISTRIB_ID=LinuxMint
DISTRIB_RELEASE=17.1
DISTRIB_CODENAME=rebecca
DISTRIB_DESCRIPTION="Linux Mint 17.1 Rebecca"

uname:Linux 3.13.0-37-generic #64-Ubuntu SMP Mon Sep 22 21:28:38 UTC 2014 x86_64
libc:glibc 2.19 NPTL 2.19 
rlimit: STACK 8192k, CORE 0k, NPROC 30418, NOFILE 4096, AS infinity
load average:4.58 2.14 1.65

/proc/meminfo:
MemTotal:        3924736 kB
MemFree:          102904 kB
Buffers:            4116 kB
Cached:           379972 kB
SwapCached:            0 kB
Active:          3286964 kB
Inactive:         343080 kB
Active(anon):    3251296 kB
Inactive(anon):   320736 kB
Active(file):      35668 kB
Inactive(file):    22344 kB
Unevictable:           0 kB
Mlocked:               0 kB
SwapTotal:             0 kB
SwapFree:              0 kB
Dirty:              1888 kB
Writeback:             0 kB
AnonPages:       3246332 kB
Mapped:           163208 kB
Shmem:            325772 kB
Slab:              73200 kB
SReclaimable:      33920 kB
SUnreclaim:        39280 kB
KernelStack:        5296 kB
PageTables:        40852 kB
NFS_Unstable:          0 kB
Bounce:                0 kB
WritebackTmp:          0 kB
CommitLimit:     1962368 kB
Committed_AS:    7414216 kB
VmallocTotal:   34359738367 kB
VmallocUsed:      346668 kB
VmallocChunk:   34359377468 kB
HardwareCorrupted:     0 kB
AnonHugePages:    937984 kB
HugePages_Total:       0
HugePages_Free:        0
HugePages_Rsvd:        0
HugePages_Surp:        0
Hugepagesize:       2048 kB
DirectMap4k:       83408 kB
DirectMap2M:     3989504 kB


CPU:total 4 (2 cores per cpu, 2 threads per core) family 6 model 42 stepping 7, cmov, cx8, fxsr, mmx, sse, sse2, sse3, ssse3, sse4.1, sse4.2, popcnt, avx, aes, clmul, ht, tsc, tscinvbit

/proc/cpuinfo:
processor	: 0
vendor_id	: GenuineIntel
cpu family	: 6
model		: 42
model name	: Intel(R) Core(TM) i5-2520M CPU @ 2.50GHz
stepping	: 7
microcode	: 0x23
cpu MHz		: 2000.000
cache size	: 3072 KB
physical id	: 0
siblings	: 4
core id		: 0
cpu cores	: 2
apicid		: 0
initial apicid	: 0
fpu		: yes
fpu_exception	: yes
cpuid level	: 13
wp		: yes
flags		: fpu vme de pse tsc msr pae mce cx8 apic sep mtrr pge mca cmov pat pse36 clflush dts acpi mmx fxsr sse sse2 ss ht tm pbe syscall nx rdtscp lm constant_tsc arch_perfmon pebs bts rep_good nopl xtopology nonstop_tsc aperfmperf eagerfpu pni pclmulqdq dtes64 monitor ds_cpl vmx smx est tm2 ssse3 cx16 xtpr pdcm pcid sse4_1 sse4_2 x2apic popcnt tsc_deadline_timer aes xsave avx lahf_lm ida arat epb xsaveopt pln pts dtherm tpr_shadow vnmi flexpriority ept vpid
bogomips	: 4988.55
clflush size	: 64
cache_alignment	: 64
address sizes	: 36 bits physical, 48 bits virtual
power management:

processor	: 1
vendor_id	: GenuineIntel
cpu family	: 6
model		: 42
model name	: Intel(R) Core(TM) i5-2520M CPU @ 2.50GHz
stepping	: 7
microcode	: 0x23
cpu MHz		: 2501.000
cache size	: 3072 KB
physical id	: 0
siblings	: 4
core id		: 1
cpu cores	: 2
apicid		: 2
initial apicid	: 2
fpu		: yes
fpu_exception	: yes
cpuid level	: 13
wp		: yes
flags		: fpu vme de pse tsc msr pae mce cx8 apic sep mtrr pge mca cmov pat pse36 clflush dts acpi mmx fxsr sse sse2 ss ht tm pbe syscall nx rdtscp lm constant_tsc arch_perfmon pebs bts rep_good nopl xtopology nonstop_tsc aperfmperf eagerfpu pni pclmulqdq dtes64 monitor ds_cpl vmx smx est tm2 ssse3 cx16 xtpr pdcm pcid sse4_1 sse4_2 x2apic popcnt tsc_deadline_timer aes xsave avx lahf_lm ida arat epb xsaveopt pln pts dtherm tpr_shadow vnmi flexpriority ept vpid
bogomips	: 4988.55
clflush size	: 64
cache_alignment	: 64
address sizes	: 36 bits physical, 48 bits virtual
power management:

processor	: 2
vendor_id	: GenuineIntel
cpu family	: 6
model		: 42
model name	: Intel(R) Core(TM) i5-2520M CPU @ 2.50GHz
stepping	: 7
microcode	: 0x23
cpu MHz		: 2501.000
cache size	: 3072 KB
physical id	: 0
siblings	: 4
core id		: 0
cpu cores	: 2
apicid		: 1
initial apicid	: 1
fpu		: yes
fpu_exception	: yes
cpuid level	: 13
wp		: yes
flags		: fpu vme de pse tsc msr pae mce cx8 apic sep mtrr pge mca cmov pat pse36 clflush dts acpi mmx fxsr sse sse2 ss ht tm pbe syscall nx rdtscp lm constant_tsc arch_perfmon pebs bts rep_good nopl xtopology nonstop_tsc aperfmperf eagerfpu pni pclmulqdq dtes64 monitor ds_cpl vmx smx est tm2 ssse3 cx16 xtpr pdcm pcid sse4_1 sse4_2 x2apic popcnt tsc_deadline_timer aes xsave avx lahf_lm ida arat epb xsaveopt pln pts dtherm tpr_shadow vnmi flexpriority ept vpid
bogomips	: 4988.55
clflush size	: 64
cache_alignment	: 64
address sizes	: 36 bits physical, 48 bits virtual
power management:

processor	: 3
vendor_id	: GenuineIntel
cpu family	: 6
model		: 42
model name	: Intel(R) Core(TM) i5-2520M CPU @ 2.50GHz
stepping	: 7
microcode	: 0x23
cpu MHz		: 2501.000
cache size	: 3072 KB
physical id	: 0
siblings	: 4
core id		: 1
cpu cores	: 2
apicid		: 3
initial apicid	: 3
fpu		: yes
fpu_exception	: yes
cpuid level	: 13
wp		: yes
flags		: fpu vme de pse tsc msr pae mce cx8 apic sep mtrr pge mca cmov pat pse36 clflush dts acpi mmx fxsr sse sse2 ss ht tm pbe syscall nx rdtscp lm constant_tsc arch_perfmon pebs bts rep_good nopl xtopology nonstop_tsc aperfmperf eagerfpu pni pclmulqdq dtes64 monitor ds_cpl vmx smx est tm2 ssse3 cx16 xtpr pdcm pcid sse4_1 sse4_2 x2apic popcnt tsc_deadline_timer aes xsave avx lahf_lm ida arat epb xsaveopt pln pts dtherm tpr_shadow vnmi flexpriority ept vpid
bogomips	: 4988.55
clflush size	: 64
cache_alignment	: 64
address sizes	: 36 bits physical, 48 bits virtual
power management:



Memory: 4k page, physical 3924736k(104384k free), swap 0k(0k free)

vm_info: Java HotSpot(TM) 64-Bit Server VM (25.65-b01) for linux-amd64 JRE (1.8.0_65-b17), built on Oct  6 2015 17:16:12 by "java_re" with gcc 4.3.0 20080428 (Red Hat 4.3.0-8)

time: Tue Aug 16 16:20:46 2016
elapsed time: 7 seconds (0d 0h 0m 7s)

