#
# There is insufficient memory for the Java Runtime Environment to continue.
# Native memory allocation (mmap) failed to map 87031808 bytes for committing reserved memory.
# Possible reasons:
#   The system is out of physical RAM or swap space
#   In 32 bit mode, the process size limit was hit
# Possible solutions:
#   Reduce memory load on the system
#   Increase physical memory or swap space
#   Check if swap backing store is full
#   Use 64 bit Java on a 64 bit OS
#   Decrease Java heap size (-Xmx/-Xms)
#   Decrease number of Java threads
#   Decrease Java thread stack sizes (-Xss)
#   Set larger code cache with -XX:ReservedCodeCacheSize=
# This output file may be truncated or incomplete.
#
#  Out of Memory Error (os_linux.cpp:2627), pid=24137, tid=140421987542784
#
# JRE version: Java(TM) SE Runtime Environment (8.0_65-b17) (build 1.8.0_65-b17)
# Java VM: Java HotSpot(TM) 64-Bit Server VM (25.65-b01 mixed mode linux-amd64 compressed oops)
# Failed to write core dump. Core dumps have been disabled. To enable core dumping, try "ulimit -c unlimited" before starting Java again
#

---------------  T H R E A D  ---------------

Current thread (0x00007fb69c078000):  VMThread [stack: 0x00007fb68a9fa000,0x00007fb68aafb000] [id=24162]

Stack: [0x00007fb68a9fa000,0x00007fb68aafb000],  sp=0x00007fb68aaf9060,  free space=1020k
Native frames: (J=compiled Java code, j=interpreted, Vv=VM code, C=native code)
V  [libjvm.so+0xab97ea]  VMError::report_and_die()+0x2ba
V  [libjvm.so+0x4f9dcb]  report_vm_out_of_memory(char const*, int, unsigned long, VMErrorType, char const*)+0x8b
V  [libjvm.so+0x91a7c3]  os::Linux::commit_memory_impl(char*, unsigned long, bool)+0x103
V  [libjvm.so+0x91ad19]  os::pd_commit_memory(char*, unsigned long, unsigned long, bool)+0x29
V  [libjvm.so+0x91502a]  os::commit_memory(char*, unsigned long, unsigned long, bool)+0x2a
V  [libjvm.so+0x9886d3]  PSVirtualSpace::expand_by(unsigned long)+0x53
V  [libjvm.so+0x989ad8]  PSYoungGen::resize_generation(unsigned long, unsigned long)+0xf8
V  [libjvm.so+0x988c32]  PSYoungGen::resize(unsigned long, unsigned long)+0x22
V  [libjvm.so+0x985f0b]  PSScavenge::invoke_no_policy()+0xf3b
V  [libjvm.so+0x986691]  PSScavenge::invoke()+0x41
V  [libjvm.so+0x93e430]  ParallelScavengeHeap::failed_mem_allocate(unsigned long)+0x70
V  [libjvm.so+0xabb207]  VM_ParallelGCFailedAllocation::doit()+0x97
V  [libjvm.so+0xac2c35]  VM_Operation::evaluate()+0x55
V  [libjvm.so+0xac100a]  VMThread::evaluate_operation(VM_Operation*)+0xba
V  [libjvm.so+0xac138e]  VMThread::loop()+0x1ce
V  [libjvm.so+0xac1800]  VMThread::run()+0x70
V  [libjvm.so+0x91cb88]  java_start(Thread*)+0x108

VM_Operation (0x00007fb6899f1190): ParallelGCFailedAllocation, mode: safepoint, requested by thread 0x00007fb69c145000


---------------  P R O C E S S  ---------------

Java Threads: ( => current thread )
  0x00007fb69c145000 JavaThread "pool-1-thread-4" [_thread_blocked, id=24210, stack(0x00007fb6898f3000,0x00007fb6899f4000)]
  0x00007fb69c143800 JavaThread "pool-1-thread-3" [_thread_blocked, id=24208, stack(0x00007fb6899f4000,0x00007fb689af5000)]
  0x00007fb69c142800 JavaThread "pool-1-thread-2" [_thread_blocked, id=24207, stack(0x00007fb689af5000,0x00007fb689bf6000)]
  0x00007fb69c140800 JavaThread "pool-2-thread-1" [_thread_blocked, id=24206, stack(0x00007fb689bf6000,0x00007fb689cf7000)]
  0x00007fb69c13e800 JavaThread "pool-1-thread-1" [_thread_blocked, id=24205, stack(0x00007fb689cf7000,0x00007fb689df8000)]
  0x00007fb69c0c2000 JavaThread "Service Thread" daemon [_thread_blocked, id=24193, stack(0x00007fb689ef9000,0x00007fb689ffa000)]
  0x00007fb69c0bd000 JavaThread "C1 CompilerThread2" daemon [_thread_blocked, id=24191, stack(0x00007fb689ffa000,0x00007fb68a0fb000)]
  0x00007fb69c0bb800 JavaThread "C2 CompilerThread1" daemon [_thread_blocked, id=24190, stack(0x00007fb68a0fb000,0x00007fb68a1fc000)]
  0x00007fb69c0b8800 JavaThread "C2 CompilerThread0" daemon [_thread_blocked, id=24189, stack(0x00007fb68a1fc000,0x00007fb68a2fd000)]
  0x00007fb69c0b7000 JavaThread "Signal Dispatcher" daemon [_thread_blocked, id=24184, stack(0x00007fb68a2fd000,0x00007fb68a3fe000)]
  0x00007fb69c07f000 JavaThread "Finalizer" daemon [_thread_blocked, id=24170, stack(0x00007fb68a7f8000,0x00007fb68a8f9000)]
  0x00007fb69c07d000 JavaThread "Reference Handler" daemon [_thread_blocked, id=24169, stack(0x00007fb68a8f9000,0x00007fb68a9fa000)]
  0x00007fb69c00a000 JavaThread "main" [_thread_blocked, id=24142, stack(0x00007fb6a5119000,0x00007fb6a521a000)]

Other Threads:
=>0x00007fb69c078000 VMThread [stack: 0x00007fb68a9fa000,0x00007fb68aafb000] [id=24162]
  0x00007fb69c0c5000 WatcherThread [stack: 0x00007fb689df8000,0x00007fb689ef9000] [id=24194]

VM state:at safepoint (normal execution)

VM Mutex/Monitor currently owned by a thread:  ([mutex/lock_event])
[0x00007fb69c0064d0] Threads_lock - owner thread: 0x00007fb69c078000
[0x00007fb69c0069d0] Heap_lock - owner thread: 0x00007fb69c145000

Heap:
 PSYoungGen      total 64000K, used 2545K [0x00000000eab00000, 0x00000000eec00000, 0x0000000100000000)
  eden space 61440K, 0% used [0x00000000eab00000,0x00000000eab00000,0x00000000ee700000)
  from space 2560K, 99% used [0x00000000ee700000,0x00000000ee97c5c0,0x00000000ee980000)
  to   space 2560K, 0% used [0x00000000ee980000,0x00000000ee980000,0x00000000eec00000)
 ParOldGen       total 40960K, used 21211K [0x00000000c0000000, 0x00000000c2800000, 0x00000000eab00000)
  object space 40960K, 51% used [0x00000000c0000000,0x00000000c14b6f40,0x00000000c2800000)
 Metaspace       used 6058K, capacity 7024K, committed 7296K, reserved 1056768K
  class space    used 593K, capacity 616K, committed 640K, reserved 1048576K

Card table byte_map: [0x00007fb6a1ce8000,0x00007fb6a1ee9000] byte_map_base: 0x00007fb6a16e8000

Marking Bits: (ParMarkBitMap*) 0x00007fb6a45f6de0
 Begin Bits: [0x00007fb68b000000, 0x00007fb68c000000)
 End Bits:   [0x00007fb68c000000, 0x00007fb68d000000)

Polling page: 0x00007fb6a523e000

CodeCache: size=245760Kb used=5173Kb max_used=5173Kb free=240586Kb
 bounds [0x00007fb68d000000, 0x00007fb68d520000, 0x00007fb69c000000]
 total_blobs=1696 nmethods=1428 adapters=182
 compilation: enabled

Compilation events (10 events):
Event: 5.596 Thread 0x00007fb69c0bd000 nmethod 1525 0x00007fb68d50d5d0 code [0x00007fb68d50d740, 0x00007fb68d50d968]
Event: 5.596 Thread 0x00007fb69c0bd000 1537       2       com.android.dx.ssa.back.SsaToRop::removeEmptyGotos (26 bytes)
Event: 5.597 Thread 0x00007fb69c0bd000 nmethod 1537 0x00007fb68d50dad0 code [0x00007fb68d50dc40, 0x00007fb68d50de48]
Event: 5.597 Thread 0x00007fb69c0bd000 1538       2       com.android.dx.ssa.back.SsaToRop$1::<init> (15 bytes)
Event: 5.613 Thread 0x00007fb69c0bd000 nmethod 1538 0x00007fb68d50df50 code [0x00007fb68d50e0a0, 0x00007fb68d50e210]
Event: 5.613 Thread 0x00007fb69c0bd000 1582 %     3       com.android.dx.ssa.SsaMethod::makeExitBlock @ 69 (134 bytes)
Event: 5.615 Thread 0x00007fb69c0bd000 nmethod 1582% 0x00007fb68d50e290 code [0x00007fb68d50e500, 0x00007fb68d50f438]
Event: 5.615 Thread 0x00007fb69c0bd000 1578 %     3       com.android.dx.ssa.back.LivenessAnalyzer::coInterferePhis @ 8 (128 bytes)
Event: 5.617 Thread 0x00007fb69c0bd000 nmethod 1578% 0x00007fb68d50fc10 code [0x00007fb68d50fec0, 0x00007fb68d511248]
Event: 5.617 Thread 0x00007fb69c0bd000 1579 %     3       com.android.dx.ssa.SsaMethod::getCountReachableBlocks @ 10 (44 bytes)

GC Heap History (9 events):
Event: 0.690 GC heap before
{Heap before GC invocations=1 (full 0):
 PSYoungGen      total 17920K, used 15360K [0x00000000eab00000, 0x00000000ebf00000, 0x0000000100000000)
  eden space 15360K, 100% used [0x00000000eab00000,0x00000000eba00000,0x00000000eba00000)
  from space 2560K, 0% used [0x00000000ebc80000,0x00000000ebc80000,0x00000000ebf00000)
  to   space 2560K, 0% used [0x00000000eba00000,0x00000000eba00000,0x00000000ebc80000)
 ParOldGen       total 40960K, used 0K [0x00000000c0000000, 0x00000000c2800000, 0x00000000eab00000)
  object space 40960K, 0% used [0x00000000c0000000,0x00000000c0000000,0x00000000c2800000)
 Metaspace       used 3729K, capacity 4944K, committed 5120K, reserved 1056768K
  class space    used 410K, capacity 456K, committed 512K, reserved 1048576K
Event: 0.713 GC heap after
Heap after GC invocations=1 (full 0):
 PSYoungGen      total 17920K, used 1240K [0x00000000eab00000, 0x00000000ece00000, 0x0000000100000000)
  eden space 15360K, 0% used [0x00000000eab00000,0x00000000eab00000,0x00000000eba00000)
  from space 2560K, 48% used [0x00000000eba00000,0x00000000ebb360c0,0x00000000ebc80000)
  to   space 2560K, 0% used [0x00000000ecb80000,0x00000000ecb80000,0x00000000ece00000)
 ParOldGen       total 40960K, used 8K [0x00000000c0000000, 0x00000000c2800000, 0x00000000eab00000)
  object space 40960K, 0% used [0x00000000c0000000,0x00000000c0002000,0x00000000c2800000)
 Metaspace       used 3729K, capacity 4944K, committed 5120K, reserved 1056768K
  class space    used 410K, capacity 456K, committed 512K, reserved 1048576K
}
Event: 1.789 GC heap before
{Heap before GC invocations=2 (full 0):
 PSYoungGen      total 17920K, used 16600K [0x00000000eab00000, 0x00000000ece00000, 0x0000000100000000)
  eden space 15360K, 100% used [0x00000000eab00000,0x00000000eba00000,0x00000000eba00000)
  from space 2560K, 48% used [0x00000000eba00000,0x00000000ebb360c0,0x00000000ebc80000)
  to   space 2560K, 0% used [0x00000000ecb80000,0x00000000ecb80000,0x00000000ece00000)
 ParOldGen       total 40960K, used 8K [0x00000000c0000000, 0x00000000c2800000, 0x00000000eab00000)
  object space 40960K, 0% used [0x00000000c0000000,0x00000000c0002000,0x00000000c2800000)
 Metaspace       used 5708K, capacity 6704K, committed 6784K, reserved 1056768K
  class space    used 590K, capacity 616K, committed 640K, reserved 1048576K
Event: 1.808 GC heap after
Heap after GC invocations=2 (full 0):
 PSYoungGen      total 33280K, used 2557K [0x00000000eab00000, 0x00000000ece00000, 0x0000000100000000)
  eden space 30720K, 0% used [0x00000000eab00000,0x00000000eab00000,0x00000000ec900000)
  from space 2560K, 99% used [0x00000000ecb80000,0x00000000ecdff5d8,0x00000000ece00000)
  to   space 2560K, 0% used [0x00000000ec900000,0x00000000ec900000,0x00000000ecb80000)
 ParOldGen       total 40960K, used 2082K [0x00000000c0000000, 0x00000000c2800000, 0x00000000eab00000)
  object space 40960K, 5% used [0x00000000c0000000,0x00000000c0208a20,0x00000000c2800000)
 Metaspace       used 5708K, capacity 6704K, committed 6784K, reserved 1056768K
  class space    used 590K, capacity 616K, committed 640K, reserved 1048576K
}
Event: 3.880 GC heap before
{Heap before GC invocations=3 (full 0):
 PSYoungGen      total 33280K, used 33277K [0x00000000eab00000, 0x00000000ece00000, 0x0000000100000000)
  eden space 30720K, 100% used [0x00000000eab00000,0x00000000ec900000,0x00000000ec900000)
  from space 2560K, 99% used [0x00000000ecb80000,0x00000000ecdff5d8,0x00000000ece00000)
  to   space 2560K, 0% used [0x00000000ec900000,0x00000000ec900000,0x00000000ecb80000)
 ParOldGen       total 40960K, used 2082K [0x00000000c0000000, 0x00000000c2800000, 0x00000000eab00000)
  object space 40960K, 5% used [0x00000000c0000000,0x00000000c0208a20,0x00000000c2800000)
 Metaspace       used 5932K, capacity 6896K, committed 7040K, reserved 1056768K
  class space    used 592K, capacity 616K, committed 640K, reserved 1048576K
Event: 3.943 GC heap after
Heap after GC invocations=3 (full 0):
 PSYoungGen      total 33280K, used 2529K [0x00000000eab00000, 0x00000000eec00000, 0x0000000100000000)
  eden space 30720K, 0% used [0x00000000eab00000,0x00000000eab00000,0x00000000ec900000)
  from space 2560K, 98% used [0x00000000ec900000,0x00000000ecb785b0,0x00000000ecb80000)
  to   space 2560K, 0% used [0x00000000ee980000,0x00000000ee980000,0x00000000eec00000)
 ParOldGen       total 40960K, used 7056K [0x00000000c0000000, 0x00000000c2800000, 0x00000000eab00000)
  object space 40960K, 17% used [0x00000000c0000000,0x00000000c06e43a8,0x00000000c2800000)
 Metaspace       used 5932K, capacity 6896K, committed 7040K, reserved 1056768K
  class space    used 592K, capacity 616K, committed 640K, reserved 1048576K
}
Event: 4.636 GC heap before
{Heap before GC invocations=4 (full 0):
 PSYoungGen      total 33280K, used 33249K [0x00000000eab00000, 0x00000000eec00000, 0x0000000100000000)
  eden space 30720K, 100% used [0x00000000eab00000,0x00000000ec900000,0x00000000ec900000)
  from space 2560K, 98% used [0x00000000ec900000,0x00000000ecb785b0,0x00000000ecb80000)
  to   space 2560K, 0% used [0x00000000ee980000,0x00000000ee980000,0x00000000eec00000)
 ParOldGen       total 40960K, used 7056K [0x00000000c0000000, 0x00000000c2800000, 0x00000000eab00000)
  object space 40960K, 17% used [0x00000000c0000000,0x00000000c06e43a8,0x00000000c2800000)
 Metaspace       used 5974K, capacity 6960K, committed 7040K, reserved 1056768K
  class space    used 593K, capacity 616K, committed 640K, reserved 1048576K
Event: 4.701 GC heap after
Heap after GC invocations=4 (full 0):
 PSYoungGen      total 64000K, used 2529K [0x00000000eab00000, 0x00000000eec00000, 0x0000000100000000)
  eden space 61440K, 0% used [0x00000000eab00000,0x00000000eab00000,0x00000000ee700000)
  from space 2560K, 98% used [0x00000000ee980000,0x00000000eebf85b0,0x00000000eec00000)
  to   space 2560K, 0% used [0x00000000ee700000,0x00000000ee700000,0x00000000ee980000)
 ParOldGen       total 40960K, used 11808K [0x00000000c0000000, 0x00000000c2800000, 0x00000000eab00000)
  object space 40960K, 28% used [0x00000000c0000000,0x00000000c0b880b8,0x00000000c2800000)
 Metaspace       used 5974K, capacity 6960K, committed 7040K, reserved 1056768K
  class space    used 593K, capacity 616K, committed 640K, reserved 1048576K
}
Event: 5.629 GC heap before
{Heap before GC invocations=5 (full 0):
 PSYoungGen      total 64000K, used 63969K [0x00000000eab00000, 0x00000000eec00000, 0x0000000100000000)
  eden space 61440K, 100% used [0x00000000eab00000,0x00000000ee700000,0x00000000ee700000)
  from space 2560K, 98% used [0x00000000ee980000,0x00000000eebf85b0,0x00000000eec00000)
  to   space 2560K, 0% used [0x00000000ee700000,0x00000000ee700000,0x00000000ee980000)
 ParOldGen       total 40960K, used 11808K [0x00000000c0000000, 0x00000000c2800000, 0x00000000eab00000)
  object space 40960K, 28% used [0x00000000c0000000,0x00000000c0b880b8,0x00000000c2800000)
 Metaspace       used 6058K, capacity 7024K, committed 7296K, reserved 1056768K
  class space    used 593K, capacity 616K, committed 640K, reserved 1048576K

Deoptimization events (10 events):
Event: 2.484 Thread 0x00007fb69c145000 Uncommon trap: reason=class_check action=maybe_recompile pc=0x00007fb68d24dc20 method=com.android.dx.rop.type.Type.equals(Ljava/lang/Object;)Z @ 8
Event: 2.484 Thread 0x00007fb69c145000 Uncommon trap: reason=class_check action=maybe_recompile pc=0x00007fb68d24dc20 method=com.android.dx.rop.type.Type.equals(Ljava/lang/Object;)Z @ 8
Event: 2.496 Thread 0x00007fb69c145000 Uncommon trap: reason=class_check action=maybe_recompile pc=0x00007fb68d24dc20 method=com.android.dx.rop.type.Type.equals(Ljava/lang/Object;)Z @ 8
Event: 3.100 Thread 0x00007fb69c00a000 Uncommon trap: reason=unstable_if action=reinterpret pc=0x00007fb68d2982d0 method=com.android.dx.rop.code.RegisterSpecSet.put(Lcom/android/dx/rop/code/RegisterSpec;)V @ 77
Event: 3.100 Thread 0x00007fb69c00a000 Uncommon trap: reason=unstable_if action=reinterpret pc=0x00007fb68d2b8e00 method=com.android.dx.rop.code.RegisterSpecSet.put(Lcom/android/dx/rop/code/RegisterSpec;)V @ 77
Event: 3.414 Thread 0x00007fb69c142800 Uncommon trap: reason=unstable_if action=reinterpret pc=0x00007fb68d34fca0 method=com.android.dx.cf.code.Ropper.labelToResultIndex(I)I @ 34
Event: 3.429 Thread 0x00007fb69c142800 Uncommon trap: reason=class_check action=maybe_recompile pc=0x00007fb68d2419ac method=com.android.dx.rop.type.Type.equals(Ljava/lang/Object;)Z @ 8
Event: 4.013 Thread 0x00007fb69c142800 Uncommon trap: reason=unstable_if action=reinterpret pc=0x00007fb68d347c84 method=com.android.dx.util.IntList.binarysearch(I)I @ 105
Event: 4.076 Thread 0x00007fb69c00a000 Uncommon trap: reason=unstable_if action=reinterpret pc=0x00007fb68d24ac1c method=com.android.dx.rop.cst.Constant.compareTo(Lcom/android/dx/rop/cst/Constant;)I @ 12
Event: 4.356 Thread 0x00007fb69c13e800 Uncommon trap: reason=unstable_if action=reinterpret pc=0x00007fb68d361e7c method=com.android.dx.ssa.SsaMethod.updateOneDefinition(Lcom/android/dx/ssa/SsaInsn;Lcom/android/dx/rop/code/RegisterSpec;)V @ 4

Internal exceptions (2 events):
Event: 0.091 Thread 0x00007fb69c00a000 Exception <a 'java/lang/NoSuchMethodError': Method sun.misc.Unsafe.defineClass(Ljava/lang/String;[BII)Ljava/lang/Class; name or signature does not match> (0x00000000eab12b98) thrown at [/HUDSON/workspace/8-2-build-linux-amd64/jdk8u65/4987/hotspot/src/shar
Event: 0.092 Thread 0x00007fb69c00a000 Exception <a 'java/lang/NoSuchMethodError': Method sun.misc.Unsafe.prefetchRead(Ljava/lang/Object;J)V name or signature does not match> (0x00000000eab12e80) thrown at [/HUDSON/workspace/8-2-build-linux-amd64/jdk8u65/4987/hotspot/src/share/vm/prims/jni.cpp

Events (10 events):
Event: 5.330 Thread 0x00007fb69c143800 DEOPT UNPACKING pc=0x00007fb68d047633 sp=0x00007fb689af2f08 mode 0
Event: 5.405 Thread 0x00007fb69c13e800 DEOPT PACKING pc=0x00007fb68d2a1de6 sp=0x00007fb689df5c20
Event: 5.405 Thread 0x00007fb69c13e800 DEOPT UNPACKING pc=0x00007fb68d047633 sp=0x00007fb689df5988 mode 0
Event: 5.433 Thread 0x00007fb69c145000 DEOPT PACKING pc=0x00007fb68d456cd0 sp=0x00007fb6899f1ee0
Event: 5.433 Thread 0x00007fb69c145000 DEOPT UNPACKING pc=0x00007fb68d047633 sp=0x00007fb6899f1c10 mode 0
Event: 5.469 Thread 0x00007fb69c142800 DEOPT PACKING pc=0x00007fb68d2a1de6 sp=0x00007fb689bf3ab0
Event: 5.469 Thread 0x00007fb69c142800 DEOPT UNPACKING pc=0x00007fb68d047633 sp=0x00007fb689bf3818 mode 0
Event: 5.480 Thread 0x00007fb69c13e800 DEOPT PACKING pc=0x00007fb68d3d636c sp=0x00007fb689df6020
Event: 5.480 Thread 0x00007fb69c13e800 DEOPT UNPACKING pc=0x00007fb68d047633 sp=0x00007fb689df5d30 mode 0
Event: 5.622 Executing VM operation: ParallelGCFailedAllocation


Dynamic libraries:
00400000-00401000 r-xp 00000000 08:03 1709722                            /home/abel/jdk1.8.0_65/bin/java
00600000-00601000 rw-p 00000000 08:03 1709722                            /home/abel/jdk1.8.0_65/bin/java
0202e000-0204f000 rw-p 00000000 00:00 0                                  [heap]
c0000000-c2800000 rw-p 00000000 00:00 0 
c2800000-eab00000 ---p 00000000 00:00 0 
eab00000-eec00000 rw-p 00000000 00:00 0 
f3f00000-100000000 ---p 00000000 00:00 0 
100000000-1000a0000 rw-p 00000000 00:00 0 
1000a0000-140000000 ---p 00000000 00:00 0 
7fb63c000000-7fb63c021000 rw-p 00000000 00:00 0 
7fb63c021000-7fb640000000 ---p 00000000 00:00 0 
7fb644000000-7fb644028000 rw-p 00000000 00:00 0 
7fb644028000-7fb648000000 ---p 00000000 00:00 0 
7fb648000000-7fb64802e000 rw-p 00000000 00:00 0 
7fb64802e000-7fb64c000000 ---p 00000000 00:00 0 
7fb64c000000-7fb64c021000 rw-p 00000000 00:00 0 
7fb64c021000-7fb650000000 ---p 00000000 00:00 0 
7fb650000000-7fb650021000 rw-p 00000000 00:00 0 
7fb650021000-7fb654000000 ---p 00000000 00:00 0 
7fb654000000-7fb654680000 rw-p 00000000 00:00 0 
7fb654680000-7fb658000000 ---p 00000000 00:00 0 
7fb658000000-7fb658021000 rw-p 00000000 00:00 0 
7fb658021000-7fb65c000000 ---p 00000000 00:00 0 
7fb65c000000-7fb65c899000 rw-p 00000000 00:00 0 
7fb65c899000-7fb660000000 ---p 00000000 00:00 0 
7fb660000000-7fb660021000 rw-p 00000000 00:00 0 
7fb660021000-7fb664000000 ---p 00000000 00:00 0 
7fb664000000-7fb664021000 rw-p 00000000 00:00 0 
7fb664021000-7fb668000000 ---p 00000000 00:00 0 
7fb668000000-7fb66840c000 rw-p 00000000 00:00 0 
7fb66840c000-7fb66c000000 ---p 00000000 00:00 0 
7fb66c000000-7fb66c021000 rw-p 00000000 00:00 0 
7fb66c021000-7fb670000000 ---p 00000000 00:00 0 
7fb670000000-7fb670021000 rw-p 00000000 00:00 0 
7fb670021000-7fb674000000 ---p 00000000 00:00 0 
7fb674000000-7fb674021000 rw-p 00000000 00:00 0 
7fb674021000-7fb678000000 ---p 00000000 00:00 0 
7fb678000000-7fb67828c000 rw-p 00000000 00:00 0 
7fb67828c000-7fb67c000000 ---p 00000000 00:00 0 
7fb67c000000-7fb67c021000 rw-p 00000000 00:00 0 
7fb67c021000-7fb680000000 ---p 00000000 00:00 0 
7fb680000000-7fb680021000 rw-p 00000000 00:00 0 
7fb680021000-7fb684000000 ---p 00000000 00:00 0 
7fb684000000-7fb684021000 rw-p 00000000 00:00 0 
7fb684021000-7fb688000000 ---p 00000000 00:00 0 
7fb6898f3000-7fb6898f6000 ---p 00000000 00:00 0 
7fb6898f6000-7fb6899f4000 rw-p 00000000 00:00 0                          [stack:24210]
7fb6899f4000-7fb6899f7000 ---p 00000000 00:00 0 
7fb6899f7000-7fb689af5000 rw-p 00000000 00:00 0                          [stack:24208]
7fb689af5000-7fb689af8000 ---p 00000000 00:00 0 
7fb689af8000-7fb689bf6000 rw-p 00000000 00:00 0                          [stack:24207]
7fb689bf6000-7fb689bf9000 ---p 00000000 00:00 0 
7fb689bf9000-7fb689cf7000 rw-p 00000000 00:00 0                          [stack:24206]
7fb689cf7000-7fb689cfa000 ---p 00000000 00:00 0 
7fb689cfa000-7fb689df8000 rw-p 00000000 00:00 0                          [stack:24205]
7fb689df8000-7fb689df9000 ---p 00000000 00:00 0 
7fb689df9000-7fb689ef9000 rw-p 00000000 00:00 0                          [stack:24194]
7fb689ef9000-7fb689efc000 ---p 00000000 00:00 0 
7fb689efc000-7fb689ffa000 rw-p 00000000 00:00 0                          [stack:24193]
7fb689ffa000-7fb689ffd000 ---p 00000000 00:00 0 
7fb689ffd000-7fb68a0fb000 rw-p 00000000 00:00 0                          [stack:24191]
7fb68a0fb000-7fb68a0fe000 ---p 00000000 00:00 0 
7fb68a0fe000-7fb68a1fc000 rw-p 00000000 00:00 0                          [stack:24190]
7fb68a1fc000-7fb68a1ff000 ---p 00000000 00:00 0 
7fb68a1ff000-7fb68a2fd000 rw-p 00000000 00:00 0                          [stack:24189]
7fb68a2fd000-7fb68a300000 ---p 00000000 00:00 0 
7fb68a300000-7fb68a3fe000 rw-p 00000000 00:00 0                          [stack:24184]
7fb68a3fe000-7fb68a7f8000 r--p 00000000 08:03 2502952                    /usr/lib/locale/locale-archive
7fb68a7f8000-7fb68a7fb000 ---p 00000000 00:00 0 
7fb68a7fb000-7fb68a8f9000 rw-p 00000000 00:00 0                          [stack:24170]
7fb68a8f9000-7fb68a8fc000 ---p 00000000 00:00 0 
7fb68a8fc000-7fb68a9fa000 rw-p 00000000 00:00 0                          [stack:24169]
7fb68a9fa000-7fb68a9fb000 ---p 00000000 00:00 0 
7fb68a9fb000-7fb68d000000 rw-p 00000000 00:00 0                          [stack:24162]
7fb68d000000-7fb68d520000 rwxp 00000000 00:00 0 
7fb68d520000-7fb69c000000 ---p 00000000 00:00 0 
7fb69c000000-7fb69c38b000 rw-p 00000000 00:00 0 
7fb69c38b000-7fb6a0000000 ---p 00000000 00:00 0 
7fb6a006c000-7fb6a0082000 r--s 000f1000 08:03 552750                     /home/abel/Escritorio/Radika/Samples/RadikaX/GlideRatioGauge/app/build/intermediates/exploded-aar/com.android.support/support-v4/23.4.0/jars/classes.jar
7fb6a0082000-7fb6a0091000 r--s 000df000 08:03 1594568                    /home/abel/Android/Sdk/build-tools/23.0.3/lib/dx.jar
7fb6a0091000-7fb6a0b40000 rw-p 00000000 00:00 0 
7fb6a0b40000-7fb6a0d18000 r--s 03d20000 08:03 1709629                    /home/abel/jdk1.8.0_65/jre/lib/rt.jar
7fb6a0d18000-7fb6a140e000 rw-p 00000000 00:00 0 
7fb6a140e000-7fb6a158e000 ---p 00000000 00:00 0 
7fb6a158e000-7fb6a178e000 rw-p 00000000 00:00 0 
7fb6a178e000-7fb6a178f000 ---p 00000000 00:00 0 
7fb6a178f000-7fb6a188f000 rw-p 00000000 00:00 0                          [stack:24158]
7fb6a188f000-7fb6a1890000 ---p 00000000 00:00 0 
7fb6a1890000-7fb6a1990000 rw-p 00000000 00:00 0                          [stack:24157]
7fb6a1990000-7fb6a1991000 ---p 00000000 00:00 0 
7fb6a1991000-7fb6a1a91000 rw-p 00000000 00:00 0                          [stack:24156]
7fb6a1a91000-7fb6a1a92000 ---p 00000000 00:00 0 
7fb6a1a92000-7fb6a1ba6000 rw-p 00000000 00:00 0                          [stack:24154]
7fb6a1ba6000-7fb6a1ce8000 ---p 00000000 00:00 0 
7fb6a1ce8000-7fb6a1cfc000 rw-p 00000000 00:00 0 
7fb6a1cfc000-7fb6a1e3d000 ---p 00000000 00:00 0 
7fb6a1e3d000-7fb6a1e5e000 rw-p 00000000 00:00 0 
7fb6a1e5e000-7fb6a1ee8000 ---p 00000000 00:00 0 
7fb6a1ee8000-7fb6a1efe000 rw-p 00000000 00:00 0 
7fb6a1efe000-7fb6a22a9000 ---p 00000000 00:00 0 
7fb6a22a9000-7fb6a22c3000 r-xp 00000000 08:03 1709579                    /home/abel/jdk1.8.0_65/jre/lib/amd64/libzip.so
7fb6a22c3000-7fb6a24c3000 ---p 0001a000 08:03 1709579                    /home/abel/jdk1.8.0_65/jre/lib/amd64/libzip.so
7fb6a24c3000-7fb6a24c4000 rw-p 0001a000 08:03 1709579                    /home/abel/jdk1.8.0_65/jre/lib/amd64/libzip.so
7fb6a24c4000-7fb6a24ce000 r-xp 00000000 08:03 538042                     /lib/x86_64-linux-gnu/libnss_files-2.19.so
7fb6a24ce000-7fb6a26cd000 ---p 0000a000 08:03 538042                     /lib/x86_64-linux-gnu/libnss_files-2.19.so
7fb6a26cd000-7fb6a26ce000 r--p 00009000 08:03 538042                     /lib/x86_64-linux-gnu/libnss_files-2.19.so
7fb6a26ce000-7fb6a26cf000 rw-p 0000a000 08:03 538042                     /lib/x86_64-linux-gnu/libnss_files-2.19.so
7fb6a26cf000-7fb6a26da000 r-xp 00000000 08:03 538034                     /lib/x86_64-linux-gnu/libnss_nis-2.19.so
7fb6a26da000-7fb6a28d9000 ---p 0000b000 08:03 538034                     /lib/x86_64-linux-gnu/libnss_nis-2.19.so
7fb6a28d9000-7fb6a28da000 r--p 0000a000 08:03 538034                     /lib/x86_64-linux-gnu/libnss_nis-2.19.so
7fb6a28da000-7fb6a28db000 rw-p 0000b000 08:03 538034                     /lib/x86_64-linux-gnu/libnss_nis-2.19.so
7fb6a28db000-7fb6a28f2000 r-xp 00000000 08:03 535244                     /lib/x86_64-linux-gnu/libnsl-2.19.so
7fb6a28f2000-7fb6a2af1000 ---p 00017000 08:03 535244                     /lib/x86_64-linux-gnu/libnsl-2.19.so
7fb6a2af1000-7fb6a2af2000 r--p 00016000 08:03 535244                     /lib/x86_64-linux-gnu/libnsl-2.19.so
7fb6a2af2000-7fb6a2af3000 rw-p 00017000 08:03 535244                     /lib/x86_64-linux-gnu/libnsl-2.19.so
7fb6a2af3000-7fb6a2af5000 rw-p 00000000 00:00 0 
7fb6a2af5000-7fb6a2afe000 r-xp 00000000 08:03 535195                     /lib/x86_64-linux-gnu/libnss_compat-2.19.so
7fb6a2afe000-7fb6a2cfd000 ---p 00009000 08:03 535195                     /lib/x86_64-linux-gnu/libnss_compat-2.19.so
7fb6a2cfd000-7fb6a2cfe000 r--p 00008000 08:03 535195                     /lib/x86_64-linux-gnu/libnss_compat-2.19.so
7fb6a2cfe000-7fb6a2cff000 rw-p 00009000 08:03 535195                     /lib/x86_64-linux-gnu/libnss_compat-2.19.so
7fb6a2cff000-7fb6a2d29000 r-xp 00000000 08:03 1709557                    /home/abel/jdk1.8.0_65/jre/lib/amd64/libjava.so
7fb6a2d29000-7fb6a2f29000 ---p 0002a000 08:03 1709557                    /home/abel/jdk1.8.0_65/jre/lib/amd64/libjava.so
7fb6a2f29000-7fb6a2f2b000 rw-p 0002a000 08:03 1709557                    /home/abel/jdk1.8.0_65/jre/lib/amd64/libjava.so
7fb6a2f2b000-7fb6a2f38000 r-xp 00000000 08:03 1709573                    /home/abel/jdk1.8.0_65/jre/lib/amd64/libverify.so
7fb6a2f38000-7fb6a3138000 ---p 0000d000 08:03 1709573                    /home/abel/jdk1.8.0_65/jre/lib/amd64/libverify.so
7fb6a3138000-7fb6a313a000 rw-p 0000d000 08:03 1709573                    /home/abel/jdk1.8.0_65/jre/lib/amd64/libverify.so
7fb6a313a000-7fb6a3141000 r-xp 00000000 08:03 538038                     /lib/x86_64-linux-gnu/librt-2.19.so
7fb6a3141000-7fb6a3340000 ---p 00007000 08:03 538038                     /lib/x86_64-linux-gnu/librt-2.19.so
7fb6a3340000-7fb6a3341000 r--p 00006000 08:03 538038                     /lib/x86_64-linux-gnu/librt-2.19.so
7fb6a3341000-7fb6a3342000 rw-p 00007000 08:03 538038                     /lib/x86_64-linux-gnu/librt-2.19.so
7fb6a3342000-7fb6a3447000 r-xp 00000000 08:03 535079                     /lib/x86_64-linux-gnu/libm-2.19.so
7fb6a3447000-7fb6a3646000 ---p 00105000 08:03 535079                     /lib/x86_64-linux-gnu/libm-2.19.so
7fb6a3646000-7fb6a3647000 r--p 00104000 08:03 535079                     /lib/x86_64-linux-gnu/libm-2.19.so
7fb6a3647000-7fb6a3648000 rw-p 00105000 08:03 535079                     /lib/x86_64-linux-gnu/libm-2.19.so
7fb6a3648000-7fb6a4306000 r-xp 00000000 08:03 1709595                    /home/abel/jdk1.8.0_65/jre/lib/amd64/server/libjvm.so
7fb6a4306000-7fb6a4505000 ---p 00cbe000 08:03 1709595                    /home/abel/jdk1.8.0_65/jre/lib/amd64/server/libjvm.so
7fb6a4505000-7fb6a45dd000 rw-p 00cbd000 08:03 1709595                    /home/abel/jdk1.8.0_65/jre/lib/amd64/server/libjvm.so
7fb6a45dd000-7fb6a4622000 rw-p 00000000 00:00 0 
7fb6a4622000-7fb6a47dc000 r-xp 00000000 08:03 538039                     /lib/x86_64-linux-gnu/libc-2.19.so
7fb6a47dc000-7fb6a49dc000 ---p 001ba000 08:03 538039                     /lib/x86_64-linux-gnu/libc-2.19.so
7fb6a49dc000-7fb6a49e0000 r--p 001ba000 08:03 538039                     /lib/x86_64-linux-gnu/libc-2.19.so
7fb6a49e0000-7fb6a49e2000 rw-p 001be000 08:03 538039                     /lib/x86_64-linux-gnu/libc-2.19.so
7fb6a49e2000-7fb6a49e7000 rw-p 00000000 00:00 0 
7fb6a49e7000-7fb6a49ea000 r-xp 00000000 08:03 535192                     /lib/x86_64-linux-gnu/libdl-2.19.so
7fb6a49ea000-7fb6a4be9000 ---p 00003000 08:03 535192                     /lib/x86_64-linux-gnu/libdl-2.19.so
7fb6a4be9000-7fb6a4bea000 r--p 00002000 08:03 535192                     /lib/x86_64-linux-gnu/libdl-2.19.so
7fb6a4bea000-7fb6a4beb000 rw-p 00003000 08:03 535192                     /lib/x86_64-linux-gnu/libdl-2.19.so
7fb6a4beb000-7fb6a4c00000 r-xp 00000000 08:03 539757                     /home/abel/jdk1.8.0_65/lib/amd64/jli/libjli.so
7fb6a4c00000-7fb6a4e00000 ---p 00015000 08:03 539757                     /home/abel/jdk1.8.0_65/lib/amd64/jli/libjli.so
7fb6a4e00000-7fb6a4e01000 rw-p 00015000 08:03 539757                     /home/abel/jdk1.8.0_65/lib/amd64/jli/libjli.so
7fb6a4e01000-7fb6a4e1a000 r-xp 00000000 08:03 538029                     /lib/x86_64-linux-gnu/libpthread-2.19.so
7fb6a4e1a000-7fb6a5019000 ---p 00019000 08:03 538029                     /lib/x86_64-linux-gnu/libpthread-2.19.so
7fb6a5019000-7fb6a501a000 r--p 00018000 08:03 538029                     /lib/x86_64-linux-gnu/libpthread-2.19.so
7fb6a501a000-7fb6a501b000 rw-p 00019000 08:03 538029                     /lib/x86_64-linux-gnu/libpthread-2.19.so
7fb6a501b000-7fb6a501f000 rw-p 00000000 00:00 0 
7fb6a501f000-7fb6a5042000 r-xp 00000000 08:03 538031                     /lib/x86_64-linux-gnu/ld-2.19.so
7fb6a5047000-7fb6a5119000 rw-p 00000000 00:00 0 
7fb6a5119000-7fb6a511c000 ---p 00000000 00:00 0 
7fb6a511c000-7fb6a521e000 rw-p 00000000 00:00 0                          [stack:24142]
7fb6a5220000-7fb6a5235000 rw-p 00000000 00:00 0 
7fb6a5235000-7fb6a523d000 rw-s 00000000 08:03 1057878                    /tmp/hsperfdata_abel/24137
7fb6a523d000-7fb6a523e000 rw-p 00000000 00:00 0 
7fb6a523e000-7fb6a523f000 ---p 00000000 00:00 0 
7fb6a523f000-7fb6a5241000 rw-p 00000000 00:00 0 
7fb6a5241000-7fb6a5242000 r--p 00022000 08:03 538031                     /lib/x86_64-linux-gnu/ld-2.19.so
7fb6a5242000-7fb6a5243000 rw-p 00023000 08:03 538031                     /lib/x86_64-linux-gnu/ld-2.19.so
7fb6a5243000-7fb6a5244000 rw-p 00000000 00:00 0 
7fff62651000-7fff62672000 rw-p 00000000 00:00 0                          [stack]
7fff627fe000-7fff62800000 r-xp 00000000 00:00 0                          [vdso]
ffffffffff600000-ffffffffff601000 r-xp 00000000 00:00 0                  [vsyscall]

VM Arguments:
jvm_args: -Djava.awt.headless=true -Xmx1024M -Dfile.encoding=UTF-8 -Duser.country=MX -Duser.language=es -Duser.variant 
java_command: com.android.dx.command.Main --dex --num-threads=4 --output /home/abel/Escritorio/Radika/Samples/RadikaX/GlideRatioGauge/app/build/intermediates/pre-dexed/debug/com.android.support-support-v4-23.4.0_068a29b8883862965fc3333880db1cf70c0bea56.jar /home/abel/Escritorio/Radika/Samples/RadikaX/GlideRatioGauge/app/build/intermediates/exploded-aar/com.android.support/support-v4/23.4.0/jars/classes.jar
java_class_path (initial): /home/abel/Android/Sdk/build-tools/23.0.3/lib/dx.jar
Launcher Type: SUN_STANDARD

Environment Variables:
PATH=/usr/local/sbin:/usr/local/bin:/usr/sbin:/usr/bin:/sbin:/bin:/usr/games:/usr/local/games:/home/abel/jdk1.8.0_65/jre/bin:/home/abel/jdk1.8.0_65/bin
USERNAME=abel
LD_LIBRARY_PATH=.:
SHELL=/bin/bash
DISPLAY=:0.0

Signal Handlers:
SIGSEGV: [libjvm.so+0xaba070], sa_mask[0]=11111111011111111101111111111110, sa_flags=SA_RESTART|SA_SIGINFO
SIGBUS: [libjvm.so+0xaba070], sa_mask[0]=11111111011111111101111111111110, sa_flags=SA_RESTART|SA_SIGINFO
SIGFPE: [libjvm.so+0x917630], sa_mask[0]=11111111011111111101111111111110, sa_flags=SA_RESTART|SA_SIGINFO
SIGPIPE: [libjvm.so+0x917630], sa_mask[0]=11111111011111111101111111111110, sa_flags=SA_RESTART|SA_SIGINFO
SIGXFSZ: [libjvm.so+0x917630], sa_mask[0]=11111111011111111101111111111110, sa_flags=SA_RESTART|SA_SIGINFO
SIGILL: [libjvm.so+0x917630], sa_mask[0]=11111111011111111101111111111110, sa_flags=SA_RESTART|SA_SIGINFO
SIGUSR1: SIG_DFL, sa_mask[0]=00000000000000000000000000000000, sa_flags=none
SIGUSR2: [libjvm.so+0x918c60], sa_mask[0]=00100000000000000000000000000000, sa_flags=SA_RESTART|SA_SIGINFO
SIGHUP: [libjvm.so+0x91a060], sa_mask[0]=11111111011111111101111111111110, sa_flags=SA_RESTART|SA_SIGINFO
SIGINT: [libjvm.so+0x91a060], sa_mask[0]=11111111011111111101111111111110, sa_flags=SA_RESTART|SA_SIGINFO
SIGTERM: [libjvm.so+0x91a060], sa_mask[0]=11111111011111111101111111111110, sa_flags=SA_RESTART|SA_SIGINFO
SIGQUIT: [libjvm.so+0x91a060], sa_mask[0]=11111111011111111101111111111110, sa_flags=SA_RESTART|SA_SIGINFO


---------------  S Y S T E M  ---------------

OS:DISTRIB_ID=LinuxMint
DISTRIB_RELEASE=17.1
DISTRIB_CODENAME=rebecca
DISTRIB_DESCRIPTION="Linux Mint 17.1 Rebecca"

uname:Linux 3.13.0-37-generic #64-Ubuntu SMP Mon Sep 22 21:28:38 UTC 2014 x86_64
libc:glibc 2.19 NPTL 2.19 
rlimit: STACK 8192k, CORE 0k, NPROC 30418, NOFILE 4096, AS infinity
load average:6.18 2.55 1.79

/proc/meminfo:
MemTotal:        3924736 kB
MemFree:          143796 kB
Buffers:             268 kB
Cached:           336544 kB
SwapCached:            0 kB
Active:          3258988 kB
Inactive:         329464 kB
Active(anon):    3256464 kB
Inactive(anon):   321188 kB
Active(file):       2524 kB
Inactive(file):     8276 kB
Unevictable:           0 kB
Mlocked:               0 kB
SwapTotal:             0 kB
SwapFree:              0 kB
Dirty:               164 kB
Writeback:             0 kB
AnonPages:       3251584 kB
Mapped:           138960 kB
Shmem:            326144 kB
Slab:              73068 kB
SReclaimable:      33788 kB
SUnreclaim:        39280 kB
KernelStack:        5784 kB
PageTables:        41608 kB
NFS_Unstable:          0 kB
Bounce:                0 kB
WritebackTmp:          0 kB
CommitLimit:     1962368 kB
Committed_AS:    7785144 kB
VmallocTotal:   34359738367 kB
VmallocUsed:      346668 kB
VmallocChunk:   34359377468 kB
HardwareCorrupted:     0 kB
AnonHugePages:    937984 kB
HugePages_Total:       0
HugePages_Free:        0
HugePages_Rsvd:        0
HugePages_Surp:        0
Hugepagesize:       2048 kB
DirectMap4k:       83408 kB
DirectMap2M:     3989504 kB


CPU:total 4 (2 cores per cpu, 2 threads per core) family 6 model 42 stepping 7, cmov, cx8, fxsr, mmx, sse, sse2, sse3, ssse3, sse4.1, sse4.2, popcnt, avx, aes, clmul, ht, tsc, tscinvbit

/proc/cpuinfo:
processor	: 0
vendor_id	: GenuineIntel
cpu family	: 6
model		: 42
model name	: Intel(R) Core(TM) i5-2520M CPU @ 2.50GHz
stepping	: 7
microcode	: 0x23
cpu MHz		: 2501.000
cache size	: 3072 KB
physical id	: 0
siblings	: 4
core id		: 0
cpu cores	: 2
apicid		: 0
initial apicid	: 0
fpu		: yes
fpu_exception	: yes
cpuid level	: 13
wp		: yes
flags		: fpu vme de pse tsc msr pae mce cx8 apic sep mtrr pge mca cmov pat pse36 clflush dts acpi mmx fxsr sse sse2 ss ht tm pbe syscall nx rdtscp lm constant_tsc arch_perfmon pebs bts rep_good nopl xtopology nonstop_tsc aperfmperf eagerfpu pni pclmulqdq dtes64 monitor ds_cpl vmx smx est tm2 ssse3 cx16 xtpr pdcm pcid sse4_1 sse4_2 x2apic popcnt tsc_deadline_timer aes xsave avx lahf_lm ida arat epb xsaveopt pln pts dtherm tpr_shadow vnmi flexpriority ept vpid
bogomips	: 4988.55
clflush size	: 64
cache_alignment	: 64
address sizes	: 36 bits physical, 48 bits virtual
power management:

processor	: 1
vendor_id	: GenuineIntel
cpu family	: 6
model		: 42
model name	: Intel(R) Core(TM) i5-2520M CPU @ 2.50GHz
stepping	: 7
microcode	: 0x23
cpu MHz		: 2501.000
cache size	: 3072 KB
physical id	: 0
siblings	: 4
core id		: 1
cpu cores	: 2
apicid		: 2
initial apicid	: 2
fpu		: yes
fpu_exception	: yes
cpuid level	: 13
wp		: yes
flags		: fpu vme de pse tsc msr pae mce cx8 apic sep mtrr pge mca cmov pat pse36 clflush dts acpi mmx fxsr sse sse2 ss ht tm pbe syscall nx rdtscp lm constant_tsc arch_perfmon pebs bts rep_good nopl xtopology nonstop_tsc aperfmperf eagerfpu pni pclmulqdq dtes64 monitor ds_cpl vmx smx est tm2 ssse3 cx16 xtpr pdcm pcid sse4_1 sse4_2 x2apic popcnt tsc_deadline_timer aes xsave avx lahf_lm ida arat epb xsaveopt pln pts dtherm tpr_shadow vnmi flexpriority ept vpid
bogomips	: 4988.55
clflush size	: 64
cache_alignment	: 64
address sizes	: 36 bits physical, 48 bits virtual
power management:

processor	: 2
vendor_id	: GenuineIntel
cpu family	: 6
model		: 42
model name	: Intel(R) Core(TM) i5-2520M CPU @ 2.50GHz
stepping	: 7
microcode	: 0x23
cpu MHz		: 2501.000
cache size	: 3072 KB
physical id	: 0
siblings	: 4
core id		: 0
cpu cores	: 2
apicid		: 1
initial apicid	: 1
fpu		: yes
fpu_exception	: yes
cpuid level	: 13
wp		: yes
flags		: fpu vme de pse tsc msr pae mce cx8 apic sep mtrr pge mca cmov pat pse36 clflush dts acpi mmx fxsr sse sse2 ss ht tm pbe syscall nx rdtscp lm constant_tsc arch_perfmon pebs bts rep_good nopl xtopology nonstop_tsc aperfmperf eagerfpu pni pclmulqdq dtes64 monitor ds_cpl vmx smx est tm2 ssse3 cx16 xtpr pdcm pcid sse4_1 sse4_2 x2apic popcnt tsc_deadline_timer aes xsave avx lahf_lm ida arat epb xsaveopt pln pts dtherm tpr_shadow vnmi flexpriority ept vpid
bogomips	: 4988.55
clflush size	: 64
cache_alignment	: 64
address sizes	: 36 bits physical, 48 bits virtual
power management:

processor	: 3
vendor_id	: GenuineIntel
cpu family	: 6
model		: 42
model name	: Intel(R) Core(TM) i5-2520M CPU @ 2.50GHz
stepping	: 7
microcode	: 0x23
cpu MHz		: 2501.000
cache size	: 3072 KB
physical id	: 0
siblings	: 4
core id		: 1
cpu cores	: 2
apicid		: 3
initial apicid	: 3
fpu		: yes
fpu_exception	: yes
cpuid level	: 13
wp		: yes
flags		: fpu vme de pse tsc msr pae mce cx8 apic sep mtrr pge mca cmov pat pse36 clflush dts acpi mmx fxsr sse sse2 ss ht tm pbe syscall nx rdtscp lm constant_tsc arch_perfmon pebs bts rep_good nopl xtopology nonstop_tsc aperfmperf eagerfpu pni pclmulqdq dtes64 monitor ds_cpl vmx smx est tm2 ssse3 cx16 xtpr pdcm pcid sse4_1 sse4_2 x2apic popcnt tsc_deadline_timer aes xsave avx lahf_lm ida arat epb xsaveopt pln pts dtherm tpr_shadow vnmi flexpriority ept vpid
bogomips	: 4988.55
clflush size	: 64
cache_alignment	: 64
address sizes	: 36 bits physical, 48 bits virtual
power management:



Memory: 4k page, physical 3924736k(141812k free), swap 0k(0k free)

vm_info: Java HotSpot(TM) 64-Bit Server VM (25.65-b01) for linux-amd64 JRE (1.8.0_65-b17), built on Oct  6 2015 17:16:12 by "java_re" with gcc 4.3.0 20080428 (Red Hat 4.3.0-8)

time: Tue Aug 16 16:20:56 2016
elapsed time: 6 seconds (0d 0h 0m 6s)

